
2024/02/27 (18:36:21) | ===> btop++ v.1.3.2
2024/02/27 (18:36:21) | INFO: Logger set to INFO
2024/02/27 (18:36:22) | INFO: Logger set to DEBUG
2024/02/27 (19:18:34) | DEBUG: Writing new config file
2024/02/27 (19:18:34) | INFO: Quitting! Runtime: 00:44:24

2024/02/28 (19:58:13) | ===> btop++ v.1.3.2
2024/02/28 (19:58:13) | INFO: Logger set to DEBUG
2024/02/28 (19:58:13) | DEBUG: Using locale C.UTF-8
2024/02/28 (19:58:13) | INFO: Running on /dev/pts/0
2024/02/28 (19:58:13) | INFO: Failed to load libnvidia-ml.so, NVIDIA GPUs will not be detected: libnvidia-ml.so.1: cannot open shared object file: No such file or directory
2024/02/28 (19:58:13) | INFO: Failed to load librocm_smi64.so, AMD GPUs will not be detected: librocm_smi64.so.6: cannot open shared object file: No such file or directory
2024/02/28 (19:58:13) | DEBUG: Shared::init() : Initialized.

2024/02/29 (19:06:10) | ===> btop++ v.1.3.2
2024/02/29 (19:06:10) | INFO: Logger set to DEBUG
2024/02/29 (19:06:10) | DEBUG: Using locale C.UTF-8
2024/02/29 (19:06:10) | INFO: Running on /dev/pts/2
2024/02/29 (19:06:10) | INFO: Failed to load libnvidia-ml.so, NVIDIA GPUs will not be detected: libnvidia-ml.so.1: cannot open shared object file: No such file or directory
2024/02/29 (19:06:10) | INFO: Failed to load librocm_smi64.so, AMD GPUs will not be detected: librocm_smi64.so.6: cannot open shared object file: No such file or directory
2024/02/29 (19:06:10) | DEBUG: Shared::init() : Initialized.
2024/02/29 (19:06:40) | DEBUG: Writing new config file
2024/02/29 (19:06:40) | INFO: Quitting! Runtime: 00:00:30

2024/03/05 (18:39:02) | ===> btop++ v.1.3.2
2024/03/05 (18:39:02) | INFO: Logger set to DEBUG
2024/03/05 (18:39:02) | DEBUG: Using locale C.UTF-8
2024/03/05 (18:39:02) | INFO: Running on /dev/pts/1
2024/03/05 (18:39:02) | INFO: Failed to load libnvidia-ml.so, NVIDIA GPUs will not be detected: libnvidia-ml.so.1: cannot open shared object file: No such file or directory
2024/03/05 (18:39:02) | INFO: Failed to load librocm_smi64.so, AMD GPUs will not be detected: librocm_smi64.so.6: cannot open shared object file: No such file or directory
2024/03/05 (18:39:02) | DEBUG: Shared::init() : Initialized.
2024/03/05 (18:39:31) | INFO: Quitting! Runtime: 00:00:29

2024/03/05 (19:48:25) | ===> btop++ v.1.3.2
2024/03/05 (19:48:25) | INFO: Logger set to DEBUG
2024/03/05 (19:48:25) | DEBUG: Using locale C.UTF-8
2024/03/05 (19:48:25) | INFO: Running on /dev/pts/0
2024/03/05 (19:48:25) | INFO: Failed to load libnvidia-ml.so, NVIDIA GPUs will not be detected: libnvidia-ml.so.1: cannot open shared object file: No such file or directory
2024/03/05 (19:48:25) | INFO: Failed to load librocm_smi64.so, AMD GPUs will not be detected: librocm_smi64.so.6: cannot open shared object file: No such file or directory
2024/03/05 (19:48:25) | DEBUG: Shared::init() : Initialized.

2024/03/06 (20:23:28) | ===> btop++ v.1.3.2
2024/03/06 (20:23:28) | INFO: Logger set to DEBUG
2024/03/06 (20:23:28) | DEBUG: Using locale C.UTF-8
2024/03/06 (20:23:28) | INFO: Running on /dev/pts/0
2024/03/06 (20:23:28) | INFO: Failed to load libnvidia-ml.so, NVIDIA GPUs will not be detected: libnvidia-ml.so.1: cannot open shared object file: No such file or directory
2024/03/06 (20:23:28) | INFO: Failed to load librocm_smi64.so, AMD GPUs will not be detected: librocm_smi64.so.6: cannot open shared object file: No such file or directory
2024/03/06 (20:23:28) | DEBUG: Shared::init() : Initialized.

2024/03/08 (22:13:03) | ===> btop++ v.1.3.2
2024/03/08 (22:13:03) | INFO: Logger set to DEBUG
2024/03/08 (22:13:03) | DEBUG: Using locale C.UTF-8
2024/03/08 (22:13:03) | INFO: Running on /dev/pts/1
2024/03/08 (22:13:03) | INFO: Failed to load libnvidia-ml.so, NVIDIA GPUs will not be detected: libnvidia-ml.so.1: cannot open shared object file: No such file or directory
2024/03/08 (22:13:03) | INFO: Failed to load librocm_smi64.so, AMD GPUs will not be detected: librocm_smi64.so.6: cannot open shared object file: No such file or directory
2024/03/08 (22:13:03) | DEBUG: Shared::init() : Initialized.
2024/03/08 (22:13:30) | INFO: Quitting! Runtime: 00:00:27

2024/03/09 (19:29:54) | ===> btop++ v.1.3.2
2024/03/09 (19:29:54) | INFO: Logger set to DEBUG
2024/03/09 (19:29:54) | DEBUG: Using locale C.UTF-8
2024/03/09 (19:29:54) | INFO: Running on /dev/pts/1
2024/03/09 (19:29:54) | INFO: Failed to load libnvidia-ml.so, NVIDIA GPUs will not be detected: libnvidia-ml.so.1: cannot open shared object file: No such file or directory
2024/03/09 (19:29:54) | INFO: Failed to load librocm_smi64.so, AMD GPUs will not be detected: librocm_smi64.so.6: cannot open shared object file: No such file or directory
2024/03/09 (19:29:54) | DEBUG: Shared::init() : Initialized.
2024/03/09 (19:30:45) | INFO: Quitting! Runtime: 00:00:51

2024/03/18 (19:32:58) | ===> btop++ v.1.3.2
2024/03/18 (19:32:58) | INFO: Logger set to DEBUG
2024/03/18 (19:32:58) | DEBUG: Using locale C.UTF-8
2024/03/18 (19:32:58) | INFO: Running on /dev/pts/1
2024/03/18 (19:32:58) | INFO: Failed to load libnvidia-ml.so, NVIDIA GPUs will not be detected: libnvidia-ml.so.1: cannot open shared object file: No such file or directory
2024/03/18 (19:32:58) | INFO: Failed to load librocm_smi64.so, AMD GPUs will not be detected: librocm_smi64.so.6: cannot open shared object file: No such file or directory
2024/03/18 (19:32:58) | DEBUG: Shared::init() : Initialized.
2024/03/18 (19:33:05) | INFO: Quitting! Runtime: 00:00:07

2024/03/20 (20:40:49) | ===> btop++ v.1.3.2
2024/03/20 (20:40:49) | INFO: Logger set to DEBUG
2024/03/20 (20:40:49) | DEBUG: Using locale C.UTF-8
2024/03/20 (20:40:49) | INFO: Running on /dev/pts/1
2024/03/20 (20:40:49) | INFO: Failed to load libnvidia-ml.so, NVIDIA GPUs will not be detected: libnvidia-ml.so.1: cannot open shared object file: No such file or directory
2024/03/20 (20:40:49) | INFO: Failed to load librocm_smi64.so, AMD GPUs will not be detected: librocm_smi64.so.6: cannot open shared object file: No such file or directory
2024/03/20 (20:40:49) | DEBUG: Shared::init() : Initialized.
2024/03/20 (20:41:13) | INFO: Quitting! Runtime: 00:00:24

2024/03/24 (21:27:43) | ===> btop++ v.1.3.2
2024/03/24 (21:27:43) | INFO: Logger set to DEBUG
2024/03/24 (21:27:43) | DEBUG: Using locale C.UTF-8
2024/03/24 (21:27:43) | INFO: Running on /dev/pts/0
2024/03/24 (21:27:43) | INFO: Failed to load libnvidia-ml.so, NVIDIA GPUs will not be detected: libnvidia-ml.so.1: cannot open shared object file: No such file or directory
2024/03/24 (21:27:43) | INFO: Failed to load librocm_smi64.so, AMD GPUs will not be detected: librocm_smi64.so.6: cannot open shared object file: No such file or directory
2024/03/24 (21:27:43) | DEBUG: Shared::init() : Initialized.
2024/03/24 (21:28:06) | INFO: Quitting! Runtime: 00:00:23

2024/03/24 (21:40:13) | ===> btop++ v.1.3.2
2024/03/24 (21:40:13) | INFO: Logger set to DEBUG
2024/03/24 (21:40:13) | DEBUG: Using locale C.UTF-8
2024/03/24 (21:40:13) | INFO: Running on /dev/pts/0
2024/03/24 (21:40:13) | INFO: Failed to load libnvidia-ml.so, NVIDIA GPUs will not be detected: libnvidia-ml.so.1: cannot open shared object file: No such file or directory
2024/03/24 (21:40:13) | INFO: Failed to load librocm_smi64.so, AMD GPUs will not be detected: librocm_smi64.so.6: cannot open shared object file: No such file or directory
2024/03/24 (21:40:13) | DEBUG: Shared::init() : Initialized.

2024/03/29 (19:22:52) | ===> btop++ v.1.3.2
2024/03/29 (19:22:52) | INFO: Logger set to DEBUG
2024/03/29 (19:22:52) | DEBUG: Using locale C.UTF-8
2024/03/29 (19:22:52) | INFO: Running on /dev/pts/0
2024/03/29 (19:22:52) | INFO: Failed to load libnvidia-ml.so, NVIDIA GPUs will not be detected: libnvidia-ml.so.1: cannot open shared object file: No such file or directory
2024/03/29 (19:22:52) | INFO: Failed to load librocm_smi64.so, AMD GPUs will not be detected: librocm_smi64.so.6: cannot open shared object file: No such file or directory
2024/03/29 (19:22:52) | DEBUG: Shared::init() : Initialized.

2024/03/30 (20:38:45) | ===> btop++ v.1.3.2
2024/03/30 (20:38:45) | INFO: Logger set to DEBUG
2024/03/30 (20:38:45) | DEBUG: Using locale C.UTF-8
2024/03/30 (20:38:45) | INFO: Running on /dev/pts/0
2024/03/30 (20:38:46) | INFO: Failed to load libnvidia-ml.so, NVIDIA GPUs will not be detected: libnvidia-ml.so.1: cannot open shared object file: No such file or directory
2024/03/30 (20:38:46) | INFO: Failed to load librocm_smi64.so, AMD GPUs will not be detected: librocm_smi64.so.6: cannot open shared object file: No such file or directory
2024/03/30 (20:38:46) | DEBUG: Shared::init() : Initialized.

2024/03/31 (21:05:10) | ===> btop++ v.1.3.2
2024/03/31 (21:05:10) | INFO: Logger set to DEBUG
2024/03/31 (21:05:10) | DEBUG: Using locale C.UTF-8
2024/03/31 (21:05:10) | INFO: Running on /dev/pts/0
2024/03/31 (21:05:10) | INFO: Failed to load libnvidia-ml.so, NVIDIA GPUs will not be detected: libnvidia-ml.so.1: cannot open shared object file: No such file or directory
2024/03/31 (21:05:10) | INFO: Failed to load librocm_smi64.so, AMD GPUs will not be detected: librocm_smi64.so.6: cannot open shared object file: No such file or directory
2024/03/31 (21:05:10) | DEBUG: Shared::init() : Initialized.

2024/04/02 (21:39:56) | ===> btop++ v.1.3.2
2024/04/02 (21:39:56) | INFO: Logger set to DEBUG
2024/04/02 (21:39:56) | DEBUG: Using locale C.UTF-8
2024/04/02 (21:39:56) | INFO: Running on /dev/pts/1
2024/04/02 (21:39:56) | INFO: Failed to load libnvidia-ml.so, NVIDIA GPUs will not be detected: libnvidia-ml.so.1: cannot open shared object file: No such file or directory
2024/04/02 (21:39:56) | INFO: Failed to load librocm_smi64.so, AMD GPUs will not be detected: librocm_smi64.so.6: cannot open shared object file: No such file or directory
2024/04/02 (21:39:56) | DEBUG: Shared::init() : Initialized.
2024/04/02 (21:40:52) | DEBUG: Writing new config file
2024/04/02 (21:40:52) | INFO: Quitting! Runtime: 00:00:56

2024/04/11 (21:18:01) | ===> btop++ v.1.3.2
2024/04/11 (21:18:01) | INFO: Logger set to DEBUG
2024/04/11 (21:18:01) | DEBUG: Using locale C.UTF-8
2024/04/11 (21:18:01) | INFO: Running on /dev/pts/0
2024/04/11 (21:18:01) | INFO: Failed to load libnvidia-ml.so, NVIDIA GPUs will not be detected: libnvidia-ml.so.1: cannot open shared object file: No such file or directory
2024/04/11 (21:18:01) | INFO: Failed to load librocm_smi64.so, AMD GPUs will not be detected: librocm_smi64.so.6: cannot open shared object file: No such file or directory
2024/04/11 (21:18:01) | DEBUG: Shared::init() : Initialized.
2024/04/11 (21:18:47) | DEBUG: Writing new config file
2024/04/11 (21:18:47) | INFO: Quitting! Runtime: 00:00:46

2024/04/27 (22:03:58) | ===> btop++ v.1.3.2
2024/04/27 (22:03:58) | INFO: Logger set to DEBUG
2024/04/27 (22:03:58) | DEBUG: Using locale C.UTF-8
2024/04/27 (22:03:58) | INFO: Running on /dev/pts/1
2024/04/27 (22:03:58) | INFO: Failed to load libnvidia-ml.so, NVIDIA GPUs will not be detected: libnvidia-ml.so.1: cannot open shared object file: No such file or directory
2024/04/27 (22:03:58) | INFO: Failed to load librocm_smi64.so, AMD GPUs will not be detected: librocm_smi64.so.6: cannot open shared object file: No such file or directory
2024/04/27 (22:03:58) | DEBUG: Shared::init() : Initialized.
2024/04/27 (22:04:11) | INFO: Quitting! Runtime: 00:00:13

2024/05/01 (20:08:26) | ===> btop++ v.1.3.2
2024/05/01 (20:08:26) | INFO: Logger set to DEBUG
2024/05/01 (20:08:26) | DEBUG: Using locale C.UTF-8
2024/05/01 (20:08:26) | INFO: Running on /dev/pts/1
2024/05/01 (20:08:26) | INFO: Failed to load libnvidia-ml.so, NVIDIA GPUs will not be detected: libnvidia-ml.so.1: cannot open shared object file: No such file or directory
2024/05/01 (20:08:26) | INFO: Failed to load librocm_smi64.so, AMD GPUs will not be detected: librocm_smi64.so.6: cannot open shared object file: No such file or directory
2024/05/01 (20:08:26) | DEBUG: Shared::init() : Initialized.
2024/05/01 (20:08:29) | DEBUG: Writing new config file
2024/05/01 (20:08:29) | INFO: Quitting! Runtime: 00:00:03

2024/05/01 (20:08:40) | ===> btop++ v.1.3.2
2024/05/01 (20:08:40) | INFO: Logger set to DEBUG
2024/05/01 (20:08:40) | DEBUG: Using locale C.UTF-8
2024/05/01 (20:08:40) | INFO: Running on /dev/pts/1
2024/05/01 (20:08:40) | INFO: Failed to load libnvidia-ml.so, NVIDIA GPUs will not be detected: libnvidia-ml.so.1: cannot open shared object file: No such file or directory
2024/05/01 (20:08:40) | INFO: Failed to load librocm_smi64.so, AMD GPUs will not be detected: librocm_smi64.so.6: cannot open shared object file: No such file or directory
2024/05/01 (20:08:40) | DEBUG: Shared::init() : Initialized.
2024/05/01 (20:08:44) | DEBUG: Loading theme file: /home/michaelkik/.config/btop/themes/catppuccin_mocha.theme
2024/05/01 (20:08:45) | DEBUG: Loading theme file: /home/michaelkik/.config/btop/themes/catppuccin_latte.theme
2024/05/01 (20:08:46) | DEBUG: Loading theme file: /home/michaelkik/.config/btop/themes/catppuccin_frappe.theme
2024/05/01 (20:08:48) | DEBUG: Loading theme file: /home/michaelkik/.config/btop/themes/catppuccin_macchiato.theme
2024/05/01 (20:08:49) | DEBUG: Loading theme file: /usr/share/btop/themes/night-owl.theme
2024/05/01 (20:08:49) | DEBUG: Loading theme file: /home/michaelkik/.config/btop/themes/catppuccin_macchiato.theme
2024/05/01 (20:08:50) | DEBUG: Loading theme file: /home/michaelkik/.config/btop/themes/catppuccin_frappe.theme
2024/05/01 (20:08:50) | DEBUG: Loading theme file: /home/michaelkik/.config/btop/themes/catppuccin_latte.theme
2024/05/01 (20:08:51) | DEBUG: Loading theme file: /home/michaelkik/.config/btop/themes/catppuccin_mocha.theme
2024/05/01 (20:08:55) | DEBUG: Loading theme file: /home/michaelkik/.config/btop/themes/catppuccin_mocha.theme
2024/05/01 (20:08:56) | DEBUG: Loading theme file: /home/michaelkik/.config/btop/themes/catppuccin_mocha.theme
2024/05/01 (20:09:01) | DEBUG: Writing new config file
2024/05/01 (20:09:01) | INFO: Quitting! Runtime: 00:00:21

2024/05/01 (20:09:03) | ===> btop++ v.1.3.2
2024/05/01 (20:09:03) | INFO: Logger set to DEBUG
2024/05/01 (20:09:03) | DEBUG: Using locale C.UTF-8
2024/05/01 (20:09:03) | INFO: Running on /dev/pts/1
2024/05/01 (20:09:03) | INFO: Failed to load libnvidia-ml.so, NVIDIA GPUs will not be detected: libnvidia-ml.so.1: cannot open shared object file: No such file or directory
2024/05/01 (20:09:03) | INFO: Failed to load librocm_smi64.so, AMD GPUs will not be detected: librocm_smi64.so.6: cannot open shared object file: No such file or directory
2024/05/01 (20:09:03) | DEBUG: Shared::init() : Initialized.
2024/05/01 (20:09:03) | DEBUG: Loading theme file: /home/michaelkik/.config/btop/themes/catppuccin_mocha.theme
2024/05/01 (20:09:16) | DEBUG: Writing new config file
2024/05/01 (20:09:16) | INFO: Quitting! Runtime: 00:00:13

2024/05/04 (10:53:56) | ===> btop++ v.1.3.2
2024/05/04 (10:53:56) | INFO: Logger set to DEBUG
2024/05/04 (10:53:56) | DEBUG: Using locale C.UTF-8
2024/05/04 (10:53:56) | INFO: Running on /dev/pts/0
2024/05/04 (10:53:56) | INFO: Failed to load libnvidia-ml.so, NVIDIA GPUs will not be detected: libnvidia-ml.so.1: cannot open shared object file: No such file or directory
2024/05/04 (10:53:56) | INFO: Failed to load librocm_smi64.so, AMD GPUs will not be detected: librocm_smi64.so.6: cannot open shared object file: No such file or directory
2024/05/04 (10:53:56) | DEBUG: Shared::init() : Initialized.
2024/05/04 (10:53:56) | DEBUG: Loading theme file: /home/michaelkik/.config/btop/themes/catppuccin_mocha.theme
2024/05/04 (10:54:13) | INFO: Quitting! Runtime: 00:00:17

2024/05/05 (13:47:47) | ===> btop++ v.1.3.2
2024/05/05 (13:47:47) | INFO: Logger set to DEBUG
2024/05/05 (13:47:47) | DEBUG: Using locale C.UTF-8
2024/05/05 (13:47:47) | INFO: Running on /dev/pts/0
2024/05/05 (13:47:47) | INFO: Failed to load libnvidia-ml.so, NVIDIA GPUs will not be detected: libnvidia-ml.so.1: cannot open shared object file: No such file or directory
2024/05/05 (13:47:47) | INFO: Failed to load librocm_smi64.so, AMD GPUs will not be detected: librocm_smi64.so.6: cannot open shared object file: No such file or directory
2024/05/05 (13:47:47) | DEBUG: Shared::init() : Initialized.
2024/05/05 (13:47:47) | DEBUG: Loading theme file: /home/michaelkik/.config/btop/themes/catppuccin_mocha.theme
2024/05/05 (13:48:50) | DEBUG: Writing new config file
2024/05/05 (13:48:50) | INFO: Quitting! Runtime: 00:01:03

2024/05/05 (13:59:30) | ===> btop++ v.1.3.2
2024/05/05 (13:59:30) | INFO: Logger set to DEBUG
2024/05/05 (13:59:30) | DEBUG: Using locale C.UTF-8
2024/05/05 (13:59:30) | INFO: Running on /dev/pts/1
2024/05/05 (13:59:30) | INFO: Failed to load libnvidia-ml.so, NVIDIA GPUs will not be detected: libnvidia-ml.so.1: cannot open shared object file: No such file or directory
2024/05/05 (13:59:30) | INFO: Failed to load librocm_smi64.so, AMD GPUs will not be detected: librocm_smi64.so.6: cannot open shared object file: No such file or directory
2024/05/05 (13:59:30) | DEBUG: Shared::init() : Initialized.
2024/05/05 (13:59:30) | DEBUG: Loading theme file: /home/michaelkik/.config/btop/themes/catppuccin_mocha.theme
2024/05/05 (13:59:42) | INFO: Quitting! Runtime: 00:00:12

2024/05/05 (14:00:00) | ===> btop++ v.1.3.2
2024/05/05 (14:00:00) | INFO: Logger set to DEBUG
2024/05/05 (14:00:00) | DEBUG: Using locale C.UTF-8
2024/05/05 (14:00:00) | INFO: Running on /dev/pts/1
2024/05/05 (14:00:00) | INFO: Failed to load libnvidia-ml.so, NVIDIA GPUs will not be detected: libnvidia-ml.so.1: cannot open shared object file: No such file or directory
2024/05/05 (14:00:00) | INFO: Failed to load librocm_smi64.so, AMD GPUs will not be detected: librocm_smi64.so.6: cannot open shared object file: No such file or directory
2024/05/05 (14:00:00) | DEBUG: Shared::init() : Initialized.
2024/05/05 (14:00:00) | DEBUG: Loading theme file: /home/michaelkik/.config/btop/themes/catppuccin_mocha.theme
2024/05/05 (14:01:54) | INFO: Quitting! Runtime: 00:01:54

2024/05/09 (19:14:55) | ===> btop++ v.1.3.2
2024/05/09 (19:14:55) | INFO: Logger set to DEBUG
2024/05/09 (19:14:55) | DEBUG: Using locale C.UTF-8
2024/05/09 (19:14:55) | INFO: Running on /dev/pts/0
2024/05/09 (19:14:55) | INFO: Failed to load libnvidia-ml.so, NVIDIA GPUs will not be detected: libnvidia-ml.so.1: cannot open shared object file: No such file or directory
2024/05/09 (19:14:55) | INFO: Failed to load librocm_smi64.so, AMD GPUs will not be detected: librocm_smi64.so.6: cannot open shared object file: No such file or directory
2024/05/09 (19:14:55) | DEBUG: Shared::init() : Initialized.
2024/05/09 (19:14:55) | DEBUG: Loading theme file: /home/michaelkik/.config/btop/themes/catppuccin_mocha.theme
2024/05/09 (19:15:21) | INFO: Quitting! Runtime: 00:00:26

2024/05/09 (19:15:22) | ===> btop++ v.1.3.2
2024/05/09 (19:15:22) | INFO: Logger set to DEBUG
2024/05/09 (19:15:22) | DEBUG: Using locale C.UTF-8
2024/05/09 (19:15:22) | INFO: Running on /dev/pts/0
2024/05/09 (19:15:22) | INFO: Failed to load libnvidia-ml.so, NVIDIA GPUs will not be detected: libnvidia-ml.so.1: cannot open shared object file: No such file or directory
2024/05/09 (19:15:22) | INFO: Failed to load librocm_smi64.so, AMD GPUs will not be detected: librocm_smi64.so.6: cannot open shared object file: No such file or directory
2024/05/09 (19:15:22) | DEBUG: Shared::init() : Initialized.
2024/05/09 (19:15:22) | DEBUG: Loading theme file: /home/michaelkik/.config/btop/themes/catppuccin_mocha.theme

2024/05/10 (21:46:07) | ===> btop++ v.1.3.2
2024/05/10 (21:46:07) | INFO: Logger set to DEBUG
2024/05/10 (21:46:07) | DEBUG: Using locale C.UTF-8
2024/05/10 (21:46:07) | INFO: Running on /dev/pts/0
2024/05/10 (21:46:07) | INFO: Failed to load libnvidia-ml.so, NVIDIA GPUs will not be detected: libnvidia-ml.so.1: cannot open shared object file: No such file or directory
2024/05/10 (21:46:07) | INFO: Failed to load librocm_smi64.so, AMD GPUs will not be detected: librocm_smi64.so.6: cannot open shared object file: No such file or directory
2024/05/10 (21:46:07) | DEBUG: Shared::init() : Initialized.
2024/05/10 (21:46:07) | DEBUG: Loading theme file: /home/michaelkik/.config/btop/themes/catppuccin_mocha.theme
2024/05/10 (21:47:00) | DEBUG: Writing new config file
2024/05/10 (21:47:00) | INFO: Quitting! Runtime: 00:00:53

2024/05/11 (22:07:27) | ===> btop++ v.1.3.2
2024/05/11 (22:07:27) | INFO: Logger set to DEBUG
2024/05/11 (22:07:27) | DEBUG: Using locale C.UTF-8
2024/05/11 (22:07:27) | INFO: Running on /dev/pts/1
2024/05/11 (22:07:27) | INFO: Failed to load libnvidia-ml.so, NVIDIA GPUs will not be detected: libnvidia-ml.so.1: cannot open shared object file: No such file or directory
2024/05/11 (22:07:27) | INFO: Failed to load librocm_smi64.so, AMD GPUs will not be detected: librocm_smi64.so.6: cannot open shared object file: No such file or directory
2024/05/11 (22:07:27) | DEBUG: Shared::init() : Initialized.
2024/05/11 (22:07:27) | DEBUG: Loading theme file: /home/michaelkik/.config/btop/themes/catppuccin_mocha.theme
2024/05/11 (22:07:34) | INFO: Quitting! Runtime: 00:00:07

2024/05/16 (18:59:07) | ===> btop++ v.1.3.2
2024/05/16 (18:59:07) | INFO: Logger set to DEBUG
2024/05/16 (18:59:07) | DEBUG: Using locale C.UTF-8
2024/05/16 (18:59:07) | INFO: Running on /dev/pts/0
2024/05/16 (18:59:07) | INFO: Failed to load libnvidia-ml.so, NVIDIA GPUs will not be detected: libnvidia-ml.so.1: cannot open shared object file: No such file or directory
2024/05/16 (18:59:07) | INFO: Failed to load librocm_smi64.so, AMD GPUs will not be detected: librocm_smi64.so.6: cannot open shared object file: No such file or directory
2024/05/16 (18:59:07) | DEBUG: Shared::init() : Initialized.
2024/05/16 (18:59:07) | DEBUG: Loading theme file: /home/michaelkik/.config/btop/themes/catppuccin_mocha.theme
2024/05/16 (18:59:17) | INFO: Quitting! Runtime: 00:00:10

2024/05/18 (21:23:01) | ===> btop++ v.1.3.2
2024/05/18 (21:23:01) | INFO: Logger set to DEBUG
2024/05/18 (21:23:01) | DEBUG: Using locale C.UTF-8
2024/05/18 (21:23:01) | INFO: Running on /dev/pts/0
2024/05/18 (21:23:01) | INFO: Failed to load libnvidia-ml.so, NVIDIA GPUs will not be detected: libnvidia-ml.so.1: cannot open shared object file: No such file or directory
2024/05/18 (21:23:01) | INFO: Failed to load librocm_smi64.so, AMD GPUs will not be detected: librocm_smi64.so.6: cannot open shared object file: No such file or directory
2024/05/18 (21:23:01) | DEBUG: Shared::init() : Initialized.
2024/05/18 (21:23:01) | DEBUG: Loading theme file: /home/michaelkik/.config/btop/themes/catppuccin_mocha.theme
2024/05/18 (21:23:11) | INFO: Quitting! Runtime: 00:00:10

2024/05/18 (21:25:11) | ===> btop++ v.1.3.2
2024/05/18 (21:25:11) | INFO: Logger set to DEBUG
2024/05/18 (21:25:11) | DEBUG: Using locale C.UTF-8
2024/05/18 (21:25:11) | INFO: Running on /dev/pts/2
2024/05/18 (21:25:11) | INFO: Failed to load libnvidia-ml.so, NVIDIA GPUs will not be detected: libnvidia-ml.so.1: cannot open shared object file: No such file or directory
2024/05/18 (21:25:11) | INFO: Failed to load librocm_smi64.so, AMD GPUs will not be detected: librocm_smi64.so.6: cannot open shared object file: No such file or directory
2024/05/18 (21:25:11) | DEBUG: Shared::init() : Initialized.
2024/05/18 (21:25:11) | DEBUG: Loading theme file: /home/michaelkik/.config/btop/themes/catppuccin_mocha.theme
2024/05/18 (21:30:22) | DEBUG: Loading theme file: /home/michaelkik/.config/btop/themes/catppuccin_mocha.theme
2024/05/18 (21:30:23) | DEBUG: Loading theme file: /home/michaelkik/.config/btop/themes/catppuccin_mocha.theme
2024/05/18 (21:30:24) | DEBUG: Loading theme file: /home/michaelkik/.config/btop/themes/catppuccin_mocha.theme
2024/05/18 (21:30:25) | DEBUG: Loading theme file: /home/michaelkik/.config/btop/themes/catppuccin_mocha.theme
2024/05/18 (21:30:25) | DEBUG: Loading theme file: /home/michaelkik/.config/btop/themes/catppuccin_mocha.theme
2024/05/18 (21:30:26) | DEBUG: Loading theme file: /home/michaelkik/.config/btop/themes/catppuccin_mocha.theme
2024/05/18 (21:30:31) | DEBUG: Loading theme file: /home/michaelkik/.config/btop/themes/catppuccin_mocha.theme
2024/05/18 (21:31:16) | DEBUG: Loading theme file: /home/michaelkik/.config/btop/themes/catppuccin_mocha.theme
2024/05/18 (21:31:17) | DEBUG: Loading theme file: /home/michaelkik/.config/btop/themes/catppuccin_mocha.theme
2024/05/18 (21:32:17) | INFO: Logger set to INFO
2024/05/18 (21:32:18) | INFO: Logger set to DEBUG

2024/05/18 (21:40:30) | ===> btop++ v.1.3.2
2024/05/18 (21:40:30) | INFO: Logger set to DEBUG
2024/05/18 (21:40:30) | DEBUG: Using locale C.UTF-8
2024/05/18 (21:40:30) | INFO: Running on /dev/pts/1
2024/05/18 (21:40:31) | INFO: Failed to load libnvidia-ml.so, NVIDIA GPUs will not be detected: libnvidia-ml.so.1: cannot open shared object file: No such file or directory
2024/05/18 (21:40:31) | INFO: Failed to load librocm_smi64.so, AMD GPUs will not be detected: librocm_smi64.so.6: cannot open shared object file: No such file or directory
2024/05/18 (21:40:31) | DEBUG: Shared::init() : Initialized.
2024/05/18 (21:40:31) | DEBUG: Loading theme file: /home/michaelkik/.config/btop/themes/catppuccin_mocha.theme
2024/05/18 (21:40:59) | DEBUG: Writing new config file
2024/05/18 (21:40:59) | INFO: Quitting! Runtime: 00:00:29

2024/05/18 (21:41:38) | ===> btop++ v.1.3.2
2024/05/18 (21:41:38) | INFO: Logger set to DEBUG
2024/05/18 (21:41:38) | DEBUG: Using locale C.UTF-8
2024/05/18 (21:41:38) | INFO: Running on /dev/pts/0
2024/05/18 (21:41:38) | INFO: Failed to load libnvidia-ml.so, NVIDIA GPUs will not be detected: libnvidia-ml.so.1: cannot open shared object file: No such file or directory
2024/05/18 (21:41:38) | INFO: Failed to load librocm_smi64.so, AMD GPUs will not be detected: librocm_smi64.so.6: cannot open shared object file: No such file or directory
2024/05/18 (21:41:38) | DEBUG: Shared::init() : Initialized.
2024/05/18 (21:41:38) | DEBUG: Loading theme file: /home/michaelkik/.config/btop/themes/catppuccin_mocha.theme

2024/05/18 (21:46:43) | ===> btop++ v.1.3.2
2024/05/18 (21:46:43) | INFO: Logger set to DEBUG
2024/05/18 (21:46:43) | DEBUG: Using locale C.UTF-8
2024/05/18 (21:46:43) | INFO: Running on /dev/pts/0
2024/05/18 (21:46:43) | INFO: Failed to load libnvidia-ml.so, NVIDIA GPUs will not be detected: libnvidia-ml.so.1: cannot open shared object file: No such file or directory
2024/05/18 (21:46:43) | INFO: Failed to load librocm_smi64.so, AMD GPUs will not be detected: librocm_smi64.so.6: cannot open shared object file: No such file or directory
2024/05/18 (21:46:43) | DEBUG: Shared::init() : Initialized.
2024/05/18 (21:46:43) | DEBUG: Loading theme file: /home/michaelkik/.config/btop/themes/catppuccin_mocha.theme

2024/05/19 (21:47:35) | ===> btop++ v.1.3.2
2024/05/19 (21:47:35) | INFO: Logger set to DEBUG
2024/05/19 (21:47:35) | DEBUG: Using locale C.UTF-8
2024/05/19 (21:47:35) | INFO: Running on /dev/pts/2
2024/05/19 (21:47:35) | INFO: Failed to load libnvidia-ml.so, NVIDIA GPUs will not be detected: libnvidia-ml.so.1: cannot open shared object file: No such file or directory
2024/05/19 (21:47:35) | INFO: Failed to load librocm_smi64.so, AMD GPUs will not be detected: librocm_smi64.so.6: cannot open shared object file: No such file or directory
2024/05/19 (21:47:35) | DEBUG: Shared::init() : Initialized.
2024/05/19 (21:47:35) | DEBUG: Loading theme file: /home/michaelkik/.config/btop/themes/catppuccin_mocha.theme
2024/05/19 (21:54:10) | DEBUG: Writing new config file
2024/05/19 (21:54:10) | INFO: Quitting! Runtime: 00:06:35

2024/05/19 (21:54:12) | ===> btop++ v.1.3.2
2024/05/19 (21:54:12) | INFO: Logger set to DEBUG
2024/05/19 (21:54:12) | DEBUG: Using locale C.UTF-8
2024/05/19 (21:54:12) | INFO: Running on /dev/pts/2
2024/05/19 (21:54:13) | INFO: Failed to load libnvidia-ml.so, NVIDIA GPUs will not be detected: libnvidia-ml.so.1: cannot open shared object file: No such file or directory
2024/05/19 (21:54:13) | INFO: Failed to load librocm_smi64.so, AMD GPUs will not be detected: librocm_smi64.so.6: cannot open shared object file: No such file or directory
2024/05/19 (21:54:13) | DEBUG: Shared::init() : Initialized.
2024/05/19 (21:54:13) | DEBUG: Loading theme file: /home/michaelkik/.config/btop/themes/catppuccin_mocha.theme
2024/05/19 (22:03:25) | DEBUG: Writing new config file
2024/05/19 (22:03:25) | INFO: Quitting! Runtime: 00:09:13

2024/05/24 (19:53:58) | ===> btop++ v.1.3.2
2024/05/24 (19:53:58) | INFO: Logger set to DEBUG
2024/05/24 (19:53:58) | DEBUG: Using locale C.UTF-8
2024/05/24 (19:53:58) | INFO: Running on /dev/pts/0
2024/05/24 (19:53:58) | INFO: Failed to load libnvidia-ml.so, NVIDIA GPUs will not be detected: libnvidia-ml.so.1: cannot open shared object file: No such file or directory
2024/05/24 (19:53:58) | INFO: Failed to load librocm_smi64.so, AMD GPUs will not be detected: librocm_smi64.so.6: cannot open shared object file: No such file or directory
2024/05/24 (19:53:58) | DEBUG: Shared::init() : Initialized.
2024/05/24 (19:53:58) | DEBUG: Loading theme file: /home/michaelkik/.config/btop/themes/catppuccin_mocha.theme
2024/05/24 (19:54:09) | INFO: Quitting! Runtime: 00:00:11

2024/05/26 (16:03:22) | ===> btop++ v.1.3.2
2024/05/26 (16:03:22) | INFO: Logger set to DEBUG
2024/05/26 (16:03:22) | DEBUG: Using locale C.UTF-8
2024/05/26 (16:03:22) | INFO: Running on /dev/pts/1
2024/05/26 (16:03:22) | INFO: Failed to load libnvidia-ml.so, NVIDIA GPUs will not be detected: libnvidia-ml.so.1: cannot open shared object file: No such file or directory
2024/05/26 (16:03:22) | INFO: Failed to load librocm_smi64.so, AMD GPUs will not be detected: librocm_smi64.so.6: cannot open shared object file: No such file or directory
2024/05/26 (16:03:22) | DEBUG: Shared::init() : Initialized.
2024/05/26 (16:03:22) | DEBUG: Loading theme file: /home/michaelkik/.config/btop/themes/catppuccin_mocha.theme

2024/05/26 (22:06:24) | ===> btop++ v.1.3.2
2024/05/26 (22:06:24) | INFO: Logger set to DEBUG
2024/05/26 (22:06:24) | DEBUG: Using locale C.UTF-8
2024/05/26 (22:06:24) | INFO: Running on /dev/pts/0
2024/05/26 (22:06:24) | INFO: Failed to load libnvidia-ml.so, NVIDIA GPUs will not be detected: libnvidia-ml.so.1: cannot open shared object file: No such file or directory
2024/05/26 (22:06:24) | INFO: Failed to load librocm_smi64.so, AMD GPUs will not be detected: librocm_smi64.so.6: cannot open shared object file: No such file or directory
2024/05/26 (22:06:24) | DEBUG: Shared::init() : Initialized.
2024/05/26 (22:06:24) | DEBUG: Loading theme file: /home/michaelkik/.config/btop/themes/catppuccin_mocha.theme
2024/05/26 (22:07:20) | DEBUG: Writing new config file
2024/05/26 (22:07:20) | INFO: Quitting! Runtime: 00:00:56

2024/05/28 (18:58:51) | ===> btop++ v.1.3.2
2024/05/28 (18:58:51) | INFO: Logger set to DEBUG
2024/05/28 (18:58:51) | DEBUG: Using locale C.UTF-8
2024/05/28 (18:58:51) | INFO: Running on /dev/pts/0
2024/05/28 (18:58:51) | INFO: Failed to load libnvidia-ml.so, NVIDIA GPUs will not be detected: libnvidia-ml.so.1: cannot open shared object file: No such file or directory
2024/05/28 (18:58:51) | INFO: Failed to load librocm_smi64.so, AMD GPUs will not be detected: librocm_smi64.so.6: cannot open shared object file: No such file or directory
2024/05/28 (18:58:51) | DEBUG: Shared::init() : Initialized.
2024/05/28 (18:58:51) | DEBUG: Loading theme file: /home/michaelkik/.config/btop/themes/catppuccin_mocha.theme

2024/05/28 (21:24:41) | ===> btop++ v.1.3.2
2024/05/28 (21:24:41) | INFO: Logger set to DEBUG
2024/05/28 (21:24:41) | DEBUG: Using locale C.UTF-8
2024/05/28 (21:24:41) | INFO: Running on /dev/pts/0
2024/05/28 (21:24:41) | INFO: Failed to load libnvidia-ml.so, NVIDIA GPUs will not be detected: libnvidia-ml.so.1: cannot open shared object file: No such file or directory
2024/05/28 (21:24:41) | INFO: Failed to load librocm_smi64.so, AMD GPUs will not be detected: librocm_smi64.so.6: cannot open shared object file: No such file or directory
2024/05/28 (21:24:41) | DEBUG: Shared::init() : Initialized.
2024/05/28 (21:24:41) | DEBUG: Loading theme file: /home/michaelkik/.config/btop/themes/catppuccin_mocha.theme
2024/05/28 (21:24:49) | INFO: Quitting! Runtime: 00:00:08

2024/05/29 (21:40:45) | ===> btop++ v.1.3.2
2024/05/29 (21:40:45) | INFO: Logger set to DEBUG
2024/05/29 (21:40:45) | DEBUG: Using locale C.UTF-8
2024/05/29 (21:40:45) | INFO: Running on /dev/pts/0
2024/05/29 (21:40:45) | INFO: Failed to load libnvidia-ml.so, NVIDIA GPUs will not be detected: libnvidia-ml.so.1: cannot open shared object file: No such file or directory
2024/05/29 (21:40:45) | INFO: Failed to load librocm_smi64.so, AMD GPUs will not be detected: librocm_smi64.so.6: cannot open shared object file: No such file or directory
2024/05/29 (21:40:45) | DEBUG: Shared::init() : Initialized.
2024/05/29 (21:40:45) | DEBUG: Loading theme file: /home/michaelkik/.config/btop/themes/catppuccin_mocha.theme
2024/05/29 (21:41:10) | DEBUG: Writing new config file
2024/05/29 (21:41:10) | INFO: Quitting! Runtime: 00:00:25

2024/05/29 (21:41:13) | ===> btop++ v.1.3.2
2024/05/29 (21:41:13) | INFO: Logger set to DEBUG
2024/05/29 (21:41:13) | DEBUG: Using locale C.UTF-8
2024/05/29 (21:41:13) | INFO: Running on /dev/pts/0
2024/05/29 (21:41:13) | INFO: Failed to load libnvidia-ml.so, NVIDIA GPUs will not be detected: libnvidia-ml.so.1: cannot open shared object file: No such file or directory
2024/05/29 (21:41:13) | INFO: Failed to load librocm_smi64.so, AMD GPUs will not be detected: librocm_smi64.so.6: cannot open shared object file: No such file or directory
2024/05/29 (21:41:13) | DEBUG: Shared::init() : Initialized.
2024/05/29 (21:41:13) | DEBUG: Loading theme file: /home/michaelkik/.config/btop/themes/catppuccin_mocha.theme
2024/05/29 (21:41:43) | ERROR: Couldn't determine terminal size of "STDOUT_FILENO"!
2024/05/29 (21:41:43) | ERROR: Couldn't determine terminal size of "/dev/tty"!
2024/05/29 (21:41:44) | ERROR: Couldn't determine terminal size of "STDOUT_FILENO"!
2024/05/29 (21:41:44) | ERROR: Couldn't determine terminal size of "/dev/tty"!
2024/05/29 (21:41:45) | ERROR: Couldn't determine terminal size of "STDOUT_FILENO"!
2024/05/29 (21:41:45) | ERROR: Couldn't determine terminal size of "/dev/tty"!
2024/05/29 (21:41:46) | ERROR: Couldn't determine terminal size of "STDOUT_FILENO"!
2024/05/29 (21:41:46) | ERROR: Couldn't determine terminal size of "/dev/tty"!
2024/05/29 (21:41:47) | ERROR: Couldn't determine terminal size of "STDOUT_FILENO"!
2024/05/29 (21:41:47) | ERROR: Couldn't determine terminal size of "/dev/tty"!
2024/05/29 (21:41:48) | ERROR: Couldn't determine terminal size of "STDOUT_FILENO"!
2024/05/29 (21:41:48) | ERROR: Couldn't determine terminal size of "/dev/tty"!
2024/05/29 (21:41:49) | ERROR: Couldn't determine terminal size of "STDOUT_FILENO"!
2024/05/29 (21:41:49) | ERROR: Couldn't determine terminal size of "/dev/tty"!
2024/05/29 (21:41:50) | ERROR: Couldn't determine terminal size of "STDOUT_FILENO"!
2024/05/29 (21:41:50) | ERROR: Couldn't determine terminal size of "/dev/tty"!
2024/05/29 (21:41:51) | ERROR: Couldn't determine terminal size of "STDOUT_FILENO"!
2024/05/29 (21:41:51) | ERROR: Couldn't determine terminal size of "/dev/tty"!
2024/05/29 (21:41:52) | ERROR: Couldn't determine terminal size of "STDOUT_FILENO"!
2024/05/29 (21:41:52) | ERROR: Couldn't determine terminal size of "/dev/tty"!
2024/05/29 (21:41:53) | ERROR: Couldn't determine terminal size of "STDOUT_FILENO"!
2024/05/29 (21:41:53) | ERROR: Couldn't determine terminal size of "/dev/tty"!
2024/05/29 (21:41:54) | ERROR: Couldn't determine terminal size of "STDOUT_FILENO"!
2024/05/29 (21:41:54) | ERROR: Couldn't determine terminal size of "/dev/tty"!
2024/05/29 (21:41:55) | ERROR: Couldn't determine terminal size of "STDOUT_FILENO"!
2024/05/29 (21:41:55) | ERROR: Couldn't determine terminal size of "/dev/tty"!
2024/05/29 (21:41:56) | ERROR: Couldn't determine terminal size of "STDOUT_FILENO"!
2024/05/29 (21:41:56) | ERROR: Couldn't determine terminal size of "/dev/tty"!
2024/05/29 (21:41:57) | ERROR: Couldn't determine terminal size of "STDOUT_FILENO"!
2024/05/29 (21:41:57) | ERROR: Couldn't determine terminal size of "/dev/tty"!
2024/05/29 (21:41:58) | ERROR: Couldn't determine terminal size of "STDOUT_FILENO"!
2024/05/29 (21:41:58) | ERROR: Couldn't determine terminal size of "/dev/tty"!
2024/05/29 (21:41:59) | ERROR: Couldn't determine terminal size of "STDOUT_FILENO"!
2024/05/29 (21:41:59) | ERROR: Couldn't determine terminal size of "/dev/tty"!
2024/05/29 (21:42:00) | ERROR: Couldn't determine terminal size of "STDOUT_FILENO"!
2024/05/29 (21:42:00) | ERROR: Couldn't determine terminal size of "/dev/tty"!
2024/05/29 (21:42:01) | ERROR: Couldn't determine terminal size of "STDOUT_FILENO"!
2024/05/29 (21:42:01) | ERROR: Couldn't determine terminal size of "/dev/tty"!
2024/05/29 (21:42:02) | ERROR: Couldn't determine terminal size of "STDOUT_FILENO"!
2024/05/29 (21:42:02) | ERROR: Couldn't determine terminal size of "/dev/tty"!
2024/05/29 (21:42:03) | ERROR: Couldn't determine terminal size of "STDOUT_FILENO"!
2024/05/29 (21:42:03) | ERROR: Couldn't determine terminal size of "/dev/tty"!
2024/05/29 (21:42:04) | ERROR: Couldn't determine terminal size of "STDOUT_FILENO"!
2024/05/29 (21:42:04) | ERROR: Couldn't determine terminal size of "/dev/tty"!
2024/05/29 (21:42:05) | ERROR: Couldn't determine terminal size of "STDOUT_FILENO"!
2024/05/29 (21:42:05) | ERROR: Couldn't determine terminal size of "/dev/tty"!
2024/05/29 (21:42:06) | ERROR: Couldn't determine terminal size of "STDOUT_FILENO"!
2024/05/29 (21:42:06) | ERROR: Couldn't determine terminal size of "/dev/tty"!
2024/05/29 (21:42:07) | ERROR: Couldn't determine terminal size of "STDOUT_FILENO"!
2024/05/29 (21:42:07) | ERROR: Couldn't determine terminal size of "/dev/tty"!
2024/05/29 (21:42:08) | ERROR: Couldn't determine terminal size of "STDOUT_FILENO"!
2024/05/29 (21:42:08) | ERROR: Couldn't determine terminal size of "/dev/tty"!
2024/05/29 (21:42:09) | ERROR: Couldn't determine terminal size of "STDOUT_FILENO"!
2024/05/29 (21:42:09) | ERROR: Couldn't determine terminal size of "/dev/tty"!
2024/05/29 (21:42:10) | ERROR: Couldn't determine terminal size of "STDOUT_FILENO"!
2024/05/29 (21:42:10) | ERROR: Couldn't determine terminal size of "/dev/tty"!
2024/05/29 (21:42:11) | ERROR: Couldn't determine terminal size of "STDOUT_FILENO"!
2024/05/29 (21:42:11) | ERROR: Couldn't determine terminal size of "/dev/tty"!
2024/05/29 (21:42:12) | ERROR: Couldn't determine terminal size of "STDOUT_FILENO"!
2024/05/29 (21:42:12) | ERROR: Couldn't determine terminal size of "/dev/tty"!
2024/05/29 (21:42:13) | ERROR: Couldn't determine terminal size of "STDOUT_FILENO"!
2024/05/29 (21:42:13) | ERROR: Couldn't determine terminal size of "/dev/tty"!
2024/05/29 (21:42:14) | ERROR: Couldn't determine terminal size of "STDOUT_FILENO"!
2024/05/29 (21:42:14) | ERROR: Couldn't determine terminal size of "/dev/tty"!
2024/05/29 (21:42:15) | ERROR: Couldn't determine terminal size of "STDOUT_FILENO"!
2024/05/29 (21:42:15) | ERROR: Couldn't determine terminal size of "/dev/tty"!
2024/05/29 (21:42:16) | ERROR: Couldn't determine terminal size of "STDOUT_FILENO"!
2024/05/29 (21:42:16) | ERROR: Couldn't determine terminal size of "/dev/tty"!
2024/05/29 (21:42:17) | ERROR: Couldn't determine terminal size of "STDOUT_FILENO"!
2024/05/29 (21:42:17) | ERROR: Couldn't determine terminal size of "/dev/tty"!
2024/05/29 (21:42:18) | ERROR: Couldn't determine terminal size of "STDOUT_FILENO"!
2024/05/29 (21:42:18) | ERROR: Couldn't determine terminal size of "/dev/tty"!
2024/05/29 (21:42:19) | ERROR: Couldn't determine terminal size of "STDOUT_FILENO"!
2024/05/29 (21:42:19) | ERROR: Couldn't determine terminal size of "/dev/tty"!
2024/05/29 (21:42:20) | ERROR: Couldn't determine terminal size of "STDOUT_FILENO"!
2024/05/29 (21:42:20) | ERROR: Couldn't determine terminal size of "/dev/tty"!
2024/05/29 (21:42:21) | ERROR: Couldn't determine terminal size of "STDOUT_FILENO"!
2024/05/29 (21:42:21) | ERROR: Couldn't determine terminal size of "/dev/tty"!
2024/05/29 (21:42:22) | ERROR: Couldn't determine terminal size of "STDOUT_FILENO"!
2024/05/29 (21:42:22) | ERROR: Couldn't determine terminal size of "/dev/tty"!
2024/05/29 (21:42:23) | ERROR: Couldn't determine terminal size of "STDOUT_FILENO"!
2024/05/29 (21:42:23) | ERROR: Couldn't determine terminal size of "/dev/tty"!
2024/05/29 (21:42:24) | ERROR: Couldn't determine terminal size of "STDOUT_FILENO"!
2024/05/29 (21:42:24) | ERROR: Couldn't determine terminal size of "/dev/tty"!
2024/05/29 (21:42:25) | ERROR: Couldn't determine terminal size of "STDOUT_FILENO"!
2024/05/29 (21:42:25) | ERROR: Couldn't determine terminal size of "/dev/tty"!
2024/05/29 (21:42:26) | ERROR: Couldn't determine terminal size of "STDOUT_FILENO"!
2024/05/29 (21:42:26) | ERROR: Couldn't determine terminal size of "/dev/tty"!
2024/05/29 (21:42:27) | ERROR: Couldn't determine terminal size of "STDOUT_FILENO"!
2024/05/29 (21:42:27) | ERROR: Couldn't determine terminal size of "/dev/tty"!
2024/05/29 (21:42:28) | ERROR: Couldn't determine terminal size of "STDOUT_FILENO"!
2024/05/29 (21:42:28) | ERROR: Couldn't determine terminal size of "/dev/tty"!
2024/05/29 (21:42:29) | ERROR: Couldn't determine terminal size of "STDOUT_FILENO"!
2024/05/29 (21:42:29) | ERROR: Couldn't determine terminal size of "/dev/tty"!
2024/05/29 (21:42:30) | ERROR: Couldn't determine terminal size of "STDOUT_FILENO"!
2024/05/29 (21:42:30) | ERROR: Couldn't determine terminal size of "/dev/tty"!
2024/05/29 (21:42:31) | ERROR: Couldn't determine terminal size of "STDOUT_FILENO"!
2024/05/29 (21:42:31) | ERROR: Couldn't determine terminal size of "/dev/tty"!
2024/05/29 (21:42:32) | ERROR: Couldn't determine terminal size of "STDOUT_FILENO"!
2024/05/29 (21:42:32) | ERROR: Couldn't determine terminal size of "/dev/tty"!
2024/05/29 (21:42:33) | ERROR: Couldn't determine terminal size of "STDOUT_FILENO"!
2024/05/29 (21:42:33) | ERROR: Couldn't determine terminal size of "/dev/tty"!
2024/05/29 (21:42:34) | ERROR: Couldn't determine terminal size of "STDOUT_FILENO"!
2024/05/29 (21:42:34) | ERROR: Couldn't determine terminal size of "/dev/tty"!
2024/05/29 (21:42:35) | ERROR: Couldn't determine terminal size of "STDOUT_FILENO"!
2024/05/29 (21:42:35) | ERROR: Couldn't determine terminal size of "/dev/tty"!
2024/05/29 (21:42:36) | ERROR: Couldn't determine terminal size of "STDOUT_FILENO"!
2024/05/29 (21:42:36) | ERROR: Couldn't determine terminal size of "/dev/tty"!
2024/05/29 (21:42:37) | ERROR: Couldn't determine terminal size of "STDOUT_FILENO"!
2024/05/29 (21:42:37) | ERROR: Couldn't determine terminal size of "/dev/tty"!
2024/05/29 (21:42:38) | ERROR: Couldn't determine terminal size of "STDOUT_FILENO"!
2024/05/29 (21:42:38) | ERROR: Couldn't determine terminal size of "/dev/tty"!
2024/05/29 (21:42:39) | ERROR: Couldn't determine terminal size of "STDOUT_FILENO"!
2024/05/29 (21:42:39) | ERROR: Couldn't determine terminal size of "/dev/tty"!
2024/05/29 (21:42:40) | ERROR: Couldn't determine terminal size of "STDOUT_FILENO"!
2024/05/29 (21:42:40) | ERROR: Couldn't determine terminal size of "/dev/tty"!
2024/05/29 (21:42:41) | ERROR: Couldn't determine terminal size of "STDOUT_FILENO"!
2024/05/29 (21:42:41) | ERROR: Couldn't determine terminal size of "/dev/tty"!
2024/05/29 (21:42:42) | ERROR: Couldn't determine terminal size of "STDOUT_FILENO"!
2024/05/29 (21:42:42) | ERROR: Couldn't determine terminal size of "/dev/tty"!
2024/05/29 (21:42:43) | ERROR: Couldn't determine terminal size of "STDOUT_FILENO"!
2024/05/29 (21:42:43) | ERROR: Couldn't determine terminal size of "/dev/tty"!
2024/05/29 (21:42:44) | ERROR: Couldn't determine terminal size of "STDOUT_FILENO"!
2024/05/29 (21:42:44) | ERROR: Couldn't determine terminal size of "/dev/tty"!
2024/05/29 (21:42:45) | ERROR: Couldn't determine terminal size of "STDOUT_FILENO"!
2024/05/29 (21:42:45) | ERROR: Couldn't determine terminal size of "/dev/tty"!
2024/05/29 (21:42:46) | ERROR: Couldn't determine terminal size of "STDOUT_FILENO"!
2024/05/29 (21:42:46) | ERROR: Couldn't determine terminal size of "/dev/tty"!
2024/05/29 (21:42:47) | ERROR: Couldn't determine terminal size of "STDOUT_FILENO"!
2024/05/29 (21:42:47) | ERROR: Couldn't determine terminal size of "/dev/tty"!
2024/05/29 (21:42:48) | ERROR: Couldn't determine terminal size of "STDOUT_FILENO"!
2024/05/29 (21:42:48) | ERROR: Couldn't determine terminal size of "/dev/tty"!
2024/05/29 (21:42:49) | ERROR: Couldn't determine terminal size of "STDOUT_FILENO"!
2024/05/29 (21:42:49) | ERROR: Couldn't determine terminal size of "/dev/tty"!
2024/05/29 (21:42:50) | ERROR: Couldn't determine terminal size of "STDOUT_FILENO"!
2024/05/29 (21:42:50) | ERROR: Couldn't determine terminal size of "/dev/tty"!
2024/05/29 (21:42:51) | ERROR: Couldn't determine terminal size of "STDOUT_FILENO"!
2024/05/29 (21:42:51) | ERROR: Couldn't determine terminal size of "/dev/tty"!
2024/05/29 (21:42:52) | ERROR: Couldn't determine terminal size of "STDOUT_FILENO"!
2024/05/29 (21:42:52) | ERROR: Couldn't determine terminal size of "/dev/tty"!
2024/05/29 (21:42:53) | ERROR: Couldn't determine terminal size of "STDOUT_FILENO"!
2024/05/29 (21:42:53) | ERROR: Couldn't determine terminal size of "/dev/tty"!
2024/05/29 (21:42:54) | ERROR: Couldn't determine terminal size of "STDOUT_FILENO"!
2024/05/29 (21:42:54) | ERROR: Couldn't determine terminal size of "/dev/tty"!
2024/05/29 (21:42:55) | ERROR: Couldn't determine terminal size of "STDOUT_FILENO"!
2024/05/29 (21:42:55) | ERROR: Couldn't determine terminal size of "/dev/tty"!
2024/05/29 (21:42:56) | ERROR: Couldn't determine terminal size of "STDOUT_FILENO"!
2024/05/29 (21:42:56) | ERROR: Couldn't determine terminal size of "/dev/tty"!
2024/05/29 (21:42:57) | ERROR: Couldn't determine terminal size of "STDOUT_FILENO"!
2024/05/29 (21:42:57) | ERROR: Couldn't determine terminal size of "/dev/tty"!
2024/05/29 (21:42:58) | ERROR: Couldn't determine terminal size of "STDOUT_FILENO"!
2024/05/29 (21:42:58) | ERROR: Couldn't determine terminal size of "/dev/tty"!
2024/05/29 (21:42:59) | ERROR: Couldn't determine terminal size of "STDOUT_FILENO"!
2024/05/29 (21:42:59) | ERROR: Couldn't determine terminal size of "/dev/tty"!
2024/05/29 (21:43:00) | ERROR: Couldn't determine terminal size of "STDOUT_FILENO"!
2024/05/29 (21:43:00) | ERROR: Couldn't determine terminal size of "/dev/tty"!
2024/05/29 (21:43:01) | ERROR: Couldn't determine terminal size of "STDOUT_FILENO"!
2024/05/29 (21:43:01) | ERROR: Couldn't determine terminal size of "/dev/tty"!
2024/05/29 (21:43:02) | ERROR: Couldn't determine terminal size of "STDOUT_FILENO"!
2024/05/29 (21:43:02) | ERROR: Couldn't determine terminal size of "/dev/tty"!
2024/05/29 (21:43:03) | ERROR: Couldn't determine terminal size of "STDOUT_FILENO"!
2024/05/29 (21:43:03) | ERROR: Couldn't determine terminal size of "/dev/tty"!
2024/05/29 (21:43:04) | ERROR: Couldn't determine terminal size of "STDOUT_FILENO"!
2024/05/29 (21:43:04) | ERROR: Couldn't determine terminal size of "/dev/tty"!
2024/05/29 (21:43:05) | ERROR: Couldn't determine terminal size of "STDOUT_FILENO"!
2024/05/29 (21:43:05) | ERROR: Couldn't determine terminal size of "/dev/tty"!
2024/05/29 (21:43:06) | ERROR: Couldn't determine terminal size of "STDOUT_FILENO"!
2024/05/29 (21:43:06) | ERROR: Couldn't determine terminal size of "/dev/tty"!
2024/05/29 (21:43:07) | ERROR: Couldn't determine terminal size of "STDOUT_FILENO"!
2024/05/29 (21:43:07) | ERROR: Couldn't determine terminal size of "/dev/tty"!
2024/05/29 (21:43:08) | ERROR: Couldn't determine terminal size of "STDOUT_FILENO"!
2024/05/29 (21:43:08) | ERROR: Couldn't determine terminal size of "/dev/tty"!
2024/05/29 (21:43:09) | ERROR: Couldn't determine terminal size of "STDOUT_FILENO"!
2024/05/29 (21:43:09) | ERROR: Couldn't determine terminal size of "/dev/tty"!
2024/05/29 (21:43:10) | ERROR: Couldn't determine terminal size of "STDOUT_FILENO"!
2024/05/29 (21:43:10) | ERROR: Couldn't determine terminal size of "/dev/tty"!
2024/05/29 (21:43:11) | ERROR: Couldn't determine terminal size of "STDOUT_FILENO"!
2024/05/29 (21:43:11) | ERROR: Couldn't determine terminal size of "/dev/tty"!
2024/05/29 (21:43:12) | ERROR: Couldn't determine terminal size of "STDOUT_FILENO"!
2024/05/29 (21:43:12) | ERROR: Couldn't determine terminal size of "/dev/tty"!
2024/05/29 (21:43:13) | ERROR: Couldn't determine terminal size of "STDOUT_FILENO"!
2024/05/29 (21:43:13) | ERROR: Couldn't determine terminal size of "/dev/tty"!
2024/05/29 (21:43:14) | ERROR: Couldn't determine terminal size of "STDOUT_FILENO"!
2024/05/29 (21:43:14) | ERROR: Couldn't determine terminal size of "/dev/tty"!
2024/05/29 (21:43:15) | ERROR: Couldn't determine terminal size of "STDOUT_FILENO"!
2024/05/29 (21:43:15) | ERROR: Couldn't determine terminal size of "/dev/tty"!
2024/05/29 (21:43:16) | ERROR: Couldn't determine terminal size of "STDOUT_FILENO"!
2024/05/29 (21:43:16) | ERROR: Couldn't determine terminal size of "/dev/tty"!
2024/05/29 (21:43:17) | ERROR: Couldn't determine terminal size of "STDOUT_FILENO"!
2024/05/29 (21:43:17) | ERROR: Couldn't determine terminal size of "/dev/tty"!
2024/05/29 (21:43:18) | ERROR: Couldn't determine terminal size of "STDOUT_FILENO"!
2024/05/29 (21:43:18) | ERROR: Couldn't determine terminal size of "/dev/tty"!
2024/05/29 (21:43:19) | ERROR: Couldn't determine terminal size of "STDOUT_FILENO"!
2024/05/29 (21:43:19) | ERROR: Couldn't determine terminal size of "/dev/tty"!
2024/05/29 (21:43:20) | ERROR: Couldn't determine terminal size of "STDOUT_FILENO"!
2024/05/29 (21:43:20) | ERROR: Couldn't determine terminal size of "/dev/tty"!
2024/05/29 (21:43:21) | ERROR: Couldn't determine terminal size of "STDOUT_FILENO"!
2024/05/29 (21:43:21) | ERROR: Couldn't determine terminal size of "/dev/tty"!
2024/05/29 (21:43:22) | ERROR: Couldn't determine terminal size of "STDOUT_FILENO"!
2024/05/29 (21:43:22) | ERROR: Couldn't determine terminal size of "/dev/tty"!
2024/05/29 (21:43:23) | ERROR: Couldn't determine terminal size of "STDOUT_FILENO"!
2024/05/29 (21:43:23) | ERROR: Couldn't determine terminal size of "/dev/tty"!
2024/05/29 (21:43:24) | ERROR: Couldn't determine terminal size of "STDOUT_FILENO"!
2024/05/29 (21:43:24) | ERROR: Couldn't determine terminal size of "/dev/tty"!
2024/05/29 (21:43:25) | ERROR: Couldn't determine terminal size of "STDOUT_FILENO"!
2024/05/29 (21:43:25) | ERROR: Couldn't determine terminal size of "/dev/tty"!
2024/05/29 (21:43:26) | ERROR: Couldn't determine terminal size of "STDOUT_FILENO"!
2024/05/29 (21:43:26) | ERROR: Couldn't determine terminal size of "/dev/tty"!
2024/05/29 (21:43:27) | ERROR: Couldn't determine terminal size of "STDOUT_FILENO"!
2024/05/29 (21:43:27) | ERROR: Couldn't determine terminal size of "/dev/tty"!
2024/05/29 (21:43:28) | ERROR: Couldn't determine terminal size of "STDOUT_FILENO"!
2024/05/29 (21:43:28) | ERROR: Couldn't determine terminal size of "/dev/tty"!
2024/05/29 (21:43:29) | ERROR: Couldn't determine terminal size of "STDOUT_FILENO"!
2024/05/29 (21:43:29) | ERROR: Couldn't determine terminal size of "/dev/tty"!
2024/05/29 (21:43:30) | ERROR: Couldn't determine terminal size of "STDOUT_FILENO"!
2024/05/29 (21:43:30) | ERROR: Couldn't determine terminal size of "/dev/tty"!
2024/05/29 (21:43:31) | ERROR: Couldn't determine terminal size of "STDOUT_FILENO"!
2024/05/29 (21:43:31) | ERROR: Couldn't determine terminal size of "/dev/tty"!
2024/05/29 (21:43:32) | ERROR: Couldn't determine terminal size of "STDOUT_FILENO"!
2024/05/29 (21:43:32) | ERROR: Couldn't determine terminal size of "/dev/tty"!
2024/05/29 (21:43:33) | ERROR: Couldn't determine terminal size of "STDOUT_FILENO"!
2024/05/29 (21:43:33) | ERROR: Couldn't determine terminal size of "/dev/tty"!
2024/05/29 (21:43:34) | ERROR: Couldn't determine terminal size of "STDOUT_FILENO"!
2024/05/29 (21:43:34) | ERROR: Couldn't determine terminal size of "/dev/tty"!
2024/05/29 (21:43:35) | ERROR: Couldn't determine terminal size of "STDOUT_FILENO"!
2024/05/29 (21:43:35) | ERROR: Couldn't determine terminal size of "/dev/tty"!
2024/05/29 (21:43:36) | ERROR: Couldn't determine terminal size of "STDOUT_FILENO"!
2024/05/29 (21:43:36) | ERROR: Couldn't determine terminal size of "/dev/tty"!
2024/05/29 (21:43:37) | ERROR: Couldn't determine terminal size of "STDOUT_FILENO"!
2024/05/29 (21:43:37) | ERROR: Couldn't determine terminal size of "/dev/tty"!
2024/05/29 (21:43:38) | ERROR: Couldn't determine terminal size of "STDOUT_FILENO"!
2024/05/29 (21:43:38) | ERROR: Couldn't determine terminal size of "/dev/tty"!
2024/05/29 (21:43:39) | ERROR: Couldn't determine terminal size of "STDOUT_FILENO"!
2024/05/29 (21:43:39) | ERROR: Couldn't determine terminal size of "/dev/tty"!
2024/05/29 (21:43:40) | ERROR: Couldn't determine terminal size of "STDOUT_FILENO"!
2024/05/29 (21:43:40) | ERROR: Couldn't determine terminal size of "/dev/tty"!
2024/05/29 (21:43:41) | ERROR: Couldn't determine terminal size of "STDOUT_FILENO"!
2024/05/29 (21:43:41) | ERROR: Couldn't determine terminal size of "/dev/tty"!
2024/05/29 (21:43:42) | ERROR: Couldn't determine terminal size of "STDOUT_FILENO"!
2024/05/29 (21:43:42) | ERROR: Couldn't determine terminal size of "/dev/tty"!
2024/05/29 (21:43:43) | ERROR: Couldn't determine terminal size of "STDOUT_FILENO"!
2024/05/29 (21:43:43) | ERROR: Couldn't determine terminal size of "/dev/tty"!
2024/05/29 (21:43:44) | ERROR: Couldn't determine terminal size of "STDOUT_FILENO"!
2024/05/29 (21:43:44) | ERROR: Couldn't determine terminal size of "/dev/tty"!
2024/05/29 (21:43:45) | ERROR: Couldn't determine terminal size of "STDOUT_FILENO"!
2024/05/29 (21:43:45) | ERROR: Couldn't determine terminal size of "/dev/tty"!
2024/05/29 (21:43:46) | ERROR: Couldn't determine terminal size of "STDOUT_FILENO"!
2024/05/29 (21:43:46) | ERROR: Couldn't determine terminal size of "/dev/tty"!
2024/05/29 (21:43:47) | ERROR: Couldn't determine terminal size of "STDOUT_FILENO"!
2024/05/29 (21:43:47) | ERROR: Couldn't determine terminal size of "/dev/tty"!
2024/05/29 (21:43:48) | ERROR: Couldn't determine terminal size of "STDOUT_FILENO"!
2024/05/29 (21:43:48) | ERROR: Couldn't determine terminal size of "/dev/tty"!
2024/05/29 (21:43:49) | ERROR: Couldn't determine terminal size of "STDOUT_FILENO"!
2024/05/29 (21:43:49) | ERROR: Couldn't determine terminal size of "/dev/tty"!
2024/05/29 (21:43:50) | ERROR: Couldn't determine terminal size of "STDOUT_FILENO"!
2024/05/29 (21:43:50) | ERROR: Couldn't determine terminal size of "/dev/tty"!
2024/05/29 (21:43:51) | ERROR: Couldn't determine terminal size of "STDOUT_FILENO"!
2024/05/29 (21:43:51) | ERROR: Couldn't determine terminal size of "/dev/tty"!
2024/05/29 (21:43:52) | ERROR: Couldn't determine terminal size of "STDOUT_FILENO"!
2024/05/29 (21:43:52) | ERROR: Couldn't determine terminal size of "/dev/tty"!
2024/05/29 (21:43:53) | ERROR: Couldn't determine terminal size of "STDOUT_FILENO"!
2024/05/29 (21:43:53) | ERROR: Couldn't determine terminal size of "/dev/tty"!
2024/05/29 (21:43:54) | ERROR: Couldn't determine terminal size of "STDOUT_FILENO"!
2024/05/29 (21:43:54) | ERROR: Couldn't determine terminal size of "/dev/tty"!
2024/05/29 (21:43:55) | ERROR: Couldn't determine terminal size of "STDOUT_FILENO"!
2024/05/29 (21:43:55) | ERROR: Couldn't determine terminal size of "/dev/tty"!
2024/05/29 (21:43:56) | ERROR: Couldn't determine terminal size of "STDOUT_FILENO"!
2024/05/29 (21:43:56) | ERROR: Couldn't determine terminal size of "/dev/tty"!
2024/05/29 (21:43:57) | ERROR: Couldn't determine terminal size of "STDOUT_FILENO"!
2024/05/29 (21:43:57) | ERROR: Couldn't determine terminal size of "/dev/tty"!
2024/05/29 (21:43:58) | ERROR: Couldn't determine terminal size of "STDOUT_FILENO"!
2024/05/29 (21:43:58) | ERROR: Couldn't determine terminal size of "/dev/tty"!
2024/05/29 (21:43:59) | ERROR: Couldn't determine terminal size of "STDOUT_FILENO"!
2024/05/29 (21:43:59) | ERROR: Couldn't determine terminal size of "/dev/tty"!
2024/05/29 (21:44:00) | ERROR: Couldn't determine terminal size of "STDOUT_FILENO"!
2024/05/29 (21:44:00) | ERROR: Couldn't determine terminal size of "/dev/tty"!
2024/05/29 (21:44:01) | ERROR: Couldn't determine terminal size of "STDOUT_FILENO"!
2024/05/29 (21:44:01) | ERROR: Couldn't determine terminal size of "/dev/tty"!
2024/05/29 (21:44:02) | ERROR: Couldn't determine terminal size of "STDOUT_FILENO"!
2024/05/29 (21:44:02) | ERROR: Couldn't determine terminal size of "/dev/tty"!
2024/05/29 (21:44:03) | ERROR: Couldn't determine terminal size of "STDOUT_FILENO"!
2024/05/29 (21:44:03) | ERROR: Couldn't determine terminal size of "/dev/tty"!
2024/05/29 (21:44:04) | ERROR: Couldn't determine terminal size of "STDOUT_FILENO"!
2024/05/29 (21:44:04) | ERROR: Couldn't determine terminal size of "/dev/tty"!
2024/05/29 (21:44:05) | ERROR: Couldn't determine terminal size of "STDOUT_FILENO"!
2024/05/29 (21:44:05) | ERROR: Couldn't determine terminal size of "/dev/tty"!
2024/05/29 (21:44:06) | ERROR: Couldn't determine terminal size of "STDOUT_FILENO"!
2024/05/29 (21:44:06) | ERROR: Couldn't determine terminal size of "/dev/tty"!
2024/05/29 (21:44:07) | ERROR: Couldn't determine terminal size of "STDOUT_FILENO"!
2024/05/29 (21:44:07) | ERROR: Couldn't determine terminal size of "/dev/tty"!
2024/05/29 (21:44:08) | ERROR: Couldn't determine terminal size of "STDOUT_FILENO"!
2024/05/29 (21:44:08) | ERROR: Couldn't determine terminal size of "/dev/tty"!
2024/05/29 (21:44:09) | ERROR: Couldn't determine terminal size of "STDOUT_FILENO"!
2024/05/29 (21:44:09) | ERROR: Couldn't determine terminal size of "/dev/tty"!
2024/05/29 (21:44:10) | ERROR: Couldn't determine terminal size of "STDOUT_FILENO"!
2024/05/29 (21:44:10) | ERROR: Couldn't determine terminal size of "/dev/tty"!
2024/05/29 (21:44:11) | ERROR: Couldn't determine terminal size of "STDOUT_FILENO"!
2024/05/29 (21:44:11) | ERROR: Couldn't determine terminal size of "/dev/tty"!
2024/05/29 (21:44:12) | ERROR: Couldn't determine terminal size of "STDOUT_FILENO"!
2024/05/29 (21:44:12) | ERROR: Couldn't determine terminal size of "/dev/tty"!
2024/05/29 (21:44:13) | ERROR: Couldn't determine terminal size of "STDOUT_FILENO"!
2024/05/29 (21:44:13) | ERROR: Couldn't determine terminal size of "/dev/tty"!
2024/05/29 (21:44:14) | ERROR: Couldn't determine terminal size of "STDOUT_FILENO"!
2024/05/29 (21:44:14) | ERROR: Couldn't determine terminal size of "/dev/tty"!
2024/05/29 (21:44:15) | ERROR: Couldn't determine terminal size of "STDOUT_FILENO"!
2024/05/29 (21:44:15) | ERROR: Couldn't determine terminal size of "/dev/tty"!
2024/05/29 (21:44:16) | ERROR: Couldn't determine terminal size of "STDOUT_FILENO"!
2024/05/29 (21:44:16) | ERROR: Couldn't determine terminal size of "/dev/tty"!
2024/05/29 (21:44:17) | ERROR: Couldn't determine terminal size of "STDOUT_FILENO"!
2024/05/29 (21:44:17) | ERROR: Couldn't determine terminal size of "/dev/tty"!
2024/05/29 (21:44:18) | ERROR: Couldn't determine terminal size of "STDOUT_FILENO"!
2024/05/29 (21:44:18) | ERROR: Couldn't determine terminal size of "/dev/tty"!
2024/05/29 (21:44:19) | ERROR: Couldn't determine terminal size of "STDOUT_FILENO"!
2024/05/29 (21:44:19) | ERROR: Couldn't determine terminal size of "/dev/tty"!
2024/05/29 (21:44:20) | ERROR: Couldn't determine terminal size of "STDOUT_FILENO"!
2024/05/29 (21:44:20) | ERROR: Couldn't determine terminal size of "/dev/tty"!
2024/05/29 (21:44:21) | ERROR: Couldn't determine terminal size of "STDOUT_FILENO"!
2024/05/29 (21:44:21) | ERROR: Couldn't determine terminal size of "/dev/tty"!
2024/05/29 (21:44:22) | ERROR: Couldn't determine terminal size of "STDOUT_FILENO"!
2024/05/29 (21:44:22) | ERROR: Couldn't determine terminal size of "/dev/tty"!
2024/05/29 (21:44:23) | ERROR: Couldn't determine terminal size of "STDOUT_FILENO"!
2024/05/29 (21:44:23) | ERROR: Couldn't determine terminal size of "/dev/tty"!
2024/05/29 (21:44:24) | ERROR: Couldn't determine terminal size of "STDOUT_FILENO"!
2024/05/29 (21:44:24) | ERROR: Couldn't determine terminal size of "/dev/tty"!
2024/05/29 (21:44:25) | ERROR: Couldn't determine terminal size of "STDOUT_FILENO"!
2024/05/29 (21:44:25) | ERROR: Couldn't determine terminal size of "/dev/tty"!
2024/05/29 (21:44:26) | ERROR: Couldn't determine terminal size of "STDOUT_FILENO"!
2024/05/29 (21:44:26) | ERROR: Couldn't determine terminal size of "/dev/tty"!
2024/05/29 (21:44:27) | ERROR: Couldn't determine terminal size of "STDOUT_FILENO"!
2024/05/29 (21:44:27) | ERROR: Couldn't determine terminal size of "/dev/tty"!
2024/05/29 (21:44:28) | ERROR: Couldn't determine terminal size of "STDOUT_FILENO"!
2024/05/29 (21:44:28) | ERROR: Couldn't determine terminal size of "/dev/tty"!
2024/05/29 (21:44:29) | ERROR: Couldn't determine terminal size of "STDOUT_FILENO"!
2024/05/29 (21:44:29) | ERROR: Couldn't determine terminal size of "/dev/tty"!
2024/05/29 (21:44:30) | ERROR: Couldn't determine terminal size of "STDOUT_FILENO"!
2024/05/29 (21:44:30) | ERROR: Couldn't determine terminal size of "/dev/tty"!
2024/05/29 (21:44:31) | ERROR: Couldn't determine terminal size of "STDOUT_FILENO"!
2024/05/29 (21:44:31) | ERROR: Couldn't determine terminal size of "/dev/tty"!
2024/05/29 (21:44:32) | ERROR: Couldn't determine terminal size of "STDOUT_FILENO"!
2024/05/29 (21:44:32) | ERROR: Couldn't determine terminal size of "/dev/tty"!
2024/05/29 (21:44:33) | ERROR: Couldn't determine terminal size of "STDOUT_FILENO"!
2024/05/29 (21:44:33) | ERROR: Couldn't determine terminal size of "/dev/tty"!
2024/05/29 (21:44:34) | ERROR: Couldn't determine terminal size of "STDOUT_FILENO"!
2024/05/29 (21:44:34) | ERROR: Couldn't determine terminal size of "/dev/tty"!
2024/05/29 (21:44:35) | ERROR: Couldn't determine terminal size of "STDOUT_FILENO"!
2024/05/29 (21:44:35) | ERROR: Couldn't determine terminal size of "/dev/tty"!
2024/05/29 (21:44:36) | ERROR: Couldn't determine terminal size of "STDOUT_FILENO"!
2024/05/29 (21:44:36) | ERROR: Couldn't determine terminal size of "/dev/tty"!
2024/05/29 (21:44:37) | ERROR: Couldn't determine terminal size of "STDOUT_FILENO"!
2024/05/29 (21:44:37) | ERROR: Couldn't determine terminal size of "/dev/tty"!
2024/05/29 (21:44:38) | ERROR: Couldn't determine terminal size of "STDOUT_FILENO"!
2024/05/29 (21:44:38) | ERROR: Couldn't determine terminal size of "/dev/tty"!
2024/05/29 (21:44:39) | ERROR: Couldn't determine terminal size of "STDOUT_FILENO"!
2024/05/29 (21:44:39) | ERROR: Couldn't determine terminal size of "/dev/tty"!
2024/05/29 (21:44:40) | ERROR: Couldn't determine terminal size of "STDOUT_FILENO"!
2024/05/29 (21:44:40) | ERROR: Couldn't determine terminal size of "/dev/tty"!
2024/05/29 (21:44:41) | ERROR: Couldn't determine terminal size of "STDOUT_FILENO"!
2024/05/29 (21:44:41) | ERROR: Couldn't determine terminal size of "/dev/tty"!
2024/05/29 (21:44:42) | ERROR: Couldn't determine terminal size of "STDOUT_FILENO"!
2024/05/29 (21:44:42) | ERROR: Couldn't determine terminal size of "/dev/tty"!
2024/05/29 (21:44:43) | ERROR: Couldn't determine terminal size of "STDOUT_FILENO"!
2024/05/29 (21:44:43) | ERROR: Couldn't determine terminal size of "/dev/tty"!
2024/05/29 (21:44:44) | ERROR: Couldn't determine terminal size of "STDOUT_FILENO"!
2024/05/29 (21:44:44) | ERROR: Couldn't determine terminal size of "/dev/tty"!
2024/05/29 (21:44:45) | ERROR: Couldn't determine terminal size of "STDOUT_FILENO"!
2024/05/29 (21:44:45) | ERROR: Couldn't determine terminal size of "/dev/tty"!
2024/05/29 (21:44:46) | ERROR: Couldn't determine terminal size of "STDOUT_FILENO"!
2024/05/29 (21:44:46) | ERROR: Couldn't determine terminal size of "/dev/tty"!
2024/05/29 (21:44:47) | ERROR: Couldn't determine terminal size of "STDOUT_FILENO"!
2024/05/29 (21:44:47) | ERROR: Couldn't determine terminal size of "/dev/tty"!
2024/05/29 (21:44:48) | ERROR: Couldn't determine terminal size of "STDOUT_FILENO"!
2024/05/29 (21:44:48) | ERROR: Couldn't determine terminal size of "/dev/tty"!
2024/05/29 (21:44:49) | ERROR: Couldn't determine terminal size of "STDOUT_FILENO"!
2024/05/29 (21:44:49) | ERROR: Couldn't determine terminal size of "/dev/tty"!
2024/05/29 (21:44:50) | ERROR: Couldn't determine terminal size of "STDOUT_FILENO"!
2024/05/29 (21:44:50) | ERROR: Couldn't determine terminal size of "/dev/tty"!
2024/05/29 (21:44:51) | ERROR: Couldn't determine terminal size of "STDOUT_FILENO"!
2024/05/29 (21:44:51) | ERROR: Couldn't determine terminal size of "/dev/tty"!
2024/05/29 (21:44:52) | ERROR: Couldn't determine terminal size of "STDOUT_FILENO"!
2024/05/29 (21:44:52) | ERROR: Couldn't determine terminal size of "/dev/tty"!
2024/05/29 (21:44:53) | ERROR: Couldn't determine terminal size of "STDOUT_FILENO"!
2024/05/29 (21:44:53) | ERROR: Couldn't determine terminal size of "/dev/tty"!
2024/05/29 (21:44:54) | ERROR: Couldn't determine terminal size of "STDOUT_FILENO"!
2024/05/29 (21:44:54) | ERROR: Couldn't determine terminal size of "/dev/tty"!
2024/05/29 (21:44:55) | ERROR: Couldn't determine terminal size of "STDOUT_FILENO"!
2024/05/29 (21:44:55) | ERROR: Couldn't determine terminal size of "/dev/tty"!
2024/05/29 (21:44:56) | ERROR: Couldn't determine terminal size of "STDOUT_FILENO"!
2024/05/29 (21:44:56) | ERROR: Couldn't determine terminal size of "/dev/tty"!
2024/05/29 (21:44:57) | ERROR: Couldn't determine terminal size of "STDOUT_FILENO"!
2024/05/29 (21:44:57) | ERROR: Couldn't determine terminal size of "/dev/tty"!
2024/05/29 (21:44:58) | ERROR: Couldn't determine terminal size of "STDOUT_FILENO"!
2024/05/29 (21:44:58) | ERROR: Couldn't determine terminal size of "/dev/tty"!
2024/05/29 (21:44:59) | ERROR: Couldn't determine terminal size of "STDOUT_FILENO"!
2024/05/29 (21:44:59) | ERROR: Couldn't determine terminal size of "/dev/tty"!
2024/05/29 (21:45:00) | ERROR: Couldn't determine terminal size of "STDOUT_FILENO"!
2024/05/29 (21:45:00) | ERROR: Couldn't determine terminal size of "/dev/tty"!
2024/05/29 (21:45:01) | ERROR: Couldn't determine terminal size of "STDOUT_FILENO"!
2024/05/29 (21:45:01) | ERROR: Couldn't determine terminal size of "/dev/tty"!
2024/05/29 (21:45:02) | ERROR: Couldn't determine terminal size of "STDOUT_FILENO"!
2024/05/29 (21:45:02) | ERROR: Couldn't determine terminal size of "/dev/tty"!
2024/05/29 (21:45:03) | ERROR: Couldn't determine terminal size of "STDOUT_FILENO"!
2024/05/29 (21:45:03) | ERROR: Couldn't determine terminal size of "/dev/tty"!
2024/05/29 (21:45:04) | ERROR: Couldn't determine terminal size of "STDOUT_FILENO"!
2024/05/29 (21:45:04) | ERROR: Couldn't determine terminal size of "/dev/tty"!
2024/05/29 (21:45:05) | ERROR: Couldn't determine terminal size of "STDOUT_FILENO"!
2024/05/29 (21:45:05) | ERROR: Couldn't determine terminal size of "/dev/tty"!
2024/05/29 (21:45:06) | ERROR: Couldn't determine terminal size of "STDOUT_FILENO"!
2024/05/29 (21:45:06) | ERROR: Couldn't determine terminal size of "/dev/tty"!
2024/05/29 (21:45:07) | ERROR: Couldn't determine terminal size of "STDOUT_FILENO"!
2024/05/29 (21:45:07) | ERROR: Couldn't determine terminal size of "/dev/tty"!
2024/05/29 (21:45:08) | ERROR: Couldn't determine terminal size of "STDOUT_FILENO"!
2024/05/29 (21:45:08) | ERROR: Couldn't determine terminal size of "/dev/tty"!
2024/05/29 (21:45:09) | ERROR: Couldn't determine terminal size of "STDOUT_FILENO"!
2024/05/29 (21:45:09) | ERROR: Couldn't determine terminal size of "/dev/tty"!
2024/05/29 (21:45:10) | ERROR: Couldn't determine terminal size of "STDOUT_FILENO"!
2024/05/29 (21:45:10) | ERROR: Couldn't determine terminal size of "/dev/tty"!
2024/05/29 (21:45:11) | ERROR: Couldn't determine terminal size of "STDOUT_FILENO"!
2024/05/29 (21:45:11) | ERROR: Couldn't determine terminal size of "/dev/tty"!
2024/05/29 (21:45:12) | ERROR: Couldn't determine terminal size of "STDOUT_FILENO"!
2024/05/29 (21:45:12) | ERROR: Couldn't determine terminal size of "/dev/tty"!
2024/05/29 (21:45:13) | ERROR: Couldn't determine terminal size of "STDOUT_FILENO"!
2024/05/29 (21:45:13) | ERROR: Couldn't determine terminal size of "/dev/tty"!
2024/05/29 (21:45:14) | ERROR: Couldn't determine terminal size of "STDOUT_FILENO"!
2024/05/29 (21:45:14) | ERROR: Couldn't determine terminal size of "/dev/tty"!
2024/05/29 (21:45:15) | ERROR: Couldn't determine terminal size of "STDOUT_FILENO"!
2024/05/29 (21:45:15) | ERROR: Couldn't determine terminal size of "/dev/tty"!
2024/05/29 (21:45:16) | ERROR: Couldn't determine terminal size of "STDOUT_FILENO"!
2024/05/29 (21:45:16) | ERROR: Couldn't determine terminal size of "/dev/tty"!
2024/05/29 (21:45:17) | ERROR: Couldn't determine terminal size of "STDOUT_FILENO"!
2024/05/29 (21:45:17) | ERROR: Couldn't determine terminal size of "/dev/tty"!
2024/05/29 (21:45:18) | ERROR: Couldn't determine terminal size of "STDOUT_FILENO"!
2024/05/29 (21:45:18) | ERROR: Couldn't determine terminal size of "/dev/tty"!
2024/05/29 (21:45:19) | ERROR: Couldn't determine terminal size of "STDOUT_FILENO"!
2024/05/29 (21:45:19) | ERROR: Couldn't determine terminal size of "/dev/tty"!
2024/05/29 (21:45:20) | ERROR: Couldn't determine terminal size of "STDOUT_FILENO"!
2024/05/29 (21:45:20) | ERROR: Couldn't determine terminal size of "/dev/tty"!
2024/05/29 (21:45:21) | ERROR: Couldn't determine terminal size of "STDOUT_FILENO"!
2024/05/29 (21:45:21) | ERROR: Couldn't determine terminal size of "/dev/tty"!
2024/05/29 (21:45:22) | ERROR: Couldn't determine terminal size of "STDOUT_FILENO"!
2024/05/29 (21:45:22) | ERROR: Couldn't determine terminal size of "/dev/tty"!
2024/05/29 (21:45:23) | ERROR: Couldn't determine terminal size of "STDOUT_FILENO"!
2024/05/29 (21:45:23) | ERROR: Couldn't determine terminal size of "/dev/tty"!
2024/05/29 (21:45:24) | ERROR: Couldn't determine terminal size of "STDOUT_FILENO"!
2024/05/29 (21:45:24) | ERROR: Couldn't determine terminal size of "/dev/tty"!
2024/05/29 (21:45:25) | ERROR: Couldn't determine terminal size of "STDOUT_FILENO"!
2024/05/29 (21:45:25) | ERROR: Couldn't determine terminal size of "/dev/tty"!
2024/05/29 (21:45:26) | ERROR: Couldn't determine terminal size of "STDOUT_FILENO"!
2024/05/29 (21:45:26) | ERROR: Couldn't determine terminal size of "/dev/tty"!
2024/05/29 (21:45:27) | ERROR: Couldn't determine terminal size of "STDOUT_FILENO"!
2024/05/29 (21:45:27) | ERROR: Couldn't determine terminal size of "/dev/tty"!
2024/05/29 (21:45:28) | ERROR: Couldn't determine terminal size of "STDOUT_FILENO"!
2024/05/29 (21:45:28) | ERROR: Couldn't determine terminal size of "/dev/tty"!
2024/05/29 (21:45:29) | ERROR: Couldn't determine terminal size of "STDOUT_FILENO"!
2024/05/29 (21:45:29) | ERROR: Couldn't determine terminal size of "/dev/tty"!
2024/05/29 (21:45:30) | ERROR: Couldn't determine terminal size of "STDOUT_FILENO"!
2024/05/29 (21:45:30) | ERROR: Couldn't determine terminal size of "/dev/tty"!
2024/05/29 (21:45:31) | ERROR: Couldn't determine terminal size of "STDOUT_FILENO"!
2024/05/29 (21:45:31) | ERROR: Couldn't determine terminal size of "/dev/tty"!
2024/05/29 (21:45:32) | ERROR: Couldn't determine terminal size of "STDOUT_FILENO"!
2024/05/29 (21:45:32) | ERROR: Couldn't determine terminal size of "/dev/tty"!
2024/05/29 (21:45:33) | ERROR: Couldn't determine terminal size of "STDOUT_FILENO"!
2024/05/29 (21:45:33) | ERROR: Couldn't determine terminal size of "/dev/tty"!
2024/05/29 (21:45:34) | ERROR: Couldn't determine terminal size of "STDOUT_FILENO"!
2024/05/29 (21:45:34) | ERROR: Couldn't determine terminal size of "/dev/tty"!
2024/05/29 (21:45:35) | ERROR: Couldn't determine terminal size of "STDOUT_FILENO"!
2024/05/29 (21:45:35) | ERROR: Couldn't determine terminal size of "/dev/tty"!
2024/05/29 (21:45:36) | ERROR: Couldn't determine terminal size of "STDOUT_FILENO"!
2024/05/29 (21:45:36) | ERROR: Couldn't determine terminal size of "/dev/tty"!
2024/05/29 (21:45:37) | ERROR: Couldn't determine terminal size of "STDOUT_FILENO"!
2024/05/29 (21:45:37) | ERROR: Couldn't determine terminal size of "/dev/tty"!
2024/05/29 (21:45:38) | ERROR: Couldn't determine terminal size of "STDOUT_FILENO"!
2024/05/29 (21:45:38) | ERROR: Couldn't determine terminal size of "/dev/tty"!
2024/05/29 (21:45:39) | ERROR: Couldn't determine terminal size of "STDOUT_FILENO"!
2024/05/29 (21:45:39) | ERROR: Couldn't determine terminal size of "/dev/tty"!
2024/05/29 (21:45:40) | ERROR: Couldn't determine terminal size of "STDOUT_FILENO"!
2024/05/29 (21:45:40) | ERROR: Couldn't determine terminal size of "/dev/tty"!
2024/05/29 (21:45:41) | ERROR: Couldn't determine terminal size of "STDOUT_FILENO"!
2024/05/29 (21:45:41) | ERROR: Couldn't determine terminal size of "/dev/tty"!
2024/05/29 (21:45:42) | ERROR: Couldn't determine terminal size of "STDOUT_FILENO"!
2024/05/29 (21:45:42) | ERROR: Couldn't determine terminal size of "/dev/tty"!
2024/05/29 (21:45:43) | ERROR: Couldn't determine terminal size of "STDOUT_FILENO"!
2024/05/29 (21:45:43) | ERROR: Couldn't determine terminal size of "/dev/tty"!
2024/05/29 (21:45:44) | ERROR: Couldn't determine terminal size of "STDOUT_FILENO"!
2024/05/29 (21:45:44) | ERROR: Couldn't determine terminal size of "/dev/tty"!
2024/05/29 (21:45:45) | ERROR: Couldn't determine terminal size of "STDOUT_FILENO"!
2024/05/29 (21:45:45) | ERROR: Couldn't determine terminal size of "/dev/tty"!
2024/05/29 (21:45:46) | ERROR: Couldn't determine terminal size of "STDOUT_FILENO"!
2024/05/29 (21:45:46) | ERROR: Couldn't determine terminal size of "/dev/tty"!
2024/05/29 (21:45:47) | ERROR: Couldn't determine terminal size of "STDOUT_FILENO"!
2024/05/29 (21:45:47) | ERROR: Couldn't determine terminal size of "/dev/tty"!
2024/05/29 (21:45:48) | ERROR: Couldn't determine terminal size of "STDOUT_FILENO"!
2024/05/29 (21:45:48) | ERROR: Couldn't determine terminal size of "/dev/tty"!
2024/05/29 (21:45:49) | ERROR: Couldn't determine terminal size of "STDOUT_FILENO"!
2024/05/29 (21:45:49) | ERROR: Couldn't determine terminal size of "/dev/tty"!
2024/05/29 (21:45:50) | ERROR: Couldn't determine terminal size of "STDOUT_FILENO"!
2024/05/29 (21:45:50) | ERROR: Couldn't determine terminal size of "/dev/tty"!
2024/05/29 (21:45:51) | ERROR: Couldn't determine terminal size of "STDOUT_FILENO"!
2024/05/29 (21:45:51) | ERROR: Couldn't determine terminal size of "/dev/tty"!
2024/05/29 (21:45:52) | ERROR: Couldn't determine terminal size of "STDOUT_FILENO"!
2024/05/29 (21:45:52) | ERROR: Couldn't determine terminal size of "/dev/tty"!
2024/05/29 (21:45:53) | ERROR: Couldn't determine terminal size of "STDOUT_FILENO"!
2024/05/29 (21:45:53) | ERROR: Couldn't determine terminal size of "/dev/tty"!
2024/05/29 (21:45:54) | ERROR: Couldn't determine terminal size of "STDOUT_FILENO"!
2024/05/29 (21:45:54) | ERROR: Couldn't determine terminal size of "/dev/tty"!
2024/05/29 (21:45:55) | ERROR: Couldn't determine terminal size of "STDOUT_FILENO"!
2024/05/29 (21:45:55) | ERROR: Couldn't determine terminal size of "/dev/tty"!
2024/05/29 (21:45:56) | ERROR: Couldn't determine terminal size of "STDOUT_FILENO"!
2024/05/29 (21:45:56) | ERROR: Couldn't determine terminal size of "/dev/tty"!
2024/05/29 (21:45:57) | ERROR: Couldn't determine terminal size of "STDOUT_FILENO"!
2024/05/29 (21:45:57) | ERROR: Couldn't determine terminal size of "/dev/tty"!
2024/05/29 (21:45:58) | ERROR: Couldn't determine terminal size of "STDOUT_FILENO"!
2024/05/29 (21:45:58) | ERROR: Couldn't determine terminal size of "/dev/tty"!
2024/05/29 (21:45:59) | ERROR: Couldn't determine terminal size of "STDOUT_FILENO"!
2024/05/29 (21:45:59) | ERROR: Couldn't determine terminal size of "/dev/tty"!
2024/05/29 (21:46:00) | ERROR: Couldn't determine terminal size of "STDOUT_FILENO"!
2024/05/29 (21:46:00) | ERROR: Couldn't determine terminal size of "/dev/tty"!
2024/05/29 (21:46:01) | ERROR: Couldn't determine terminal size of "STDOUT_FILENO"!
2024/05/29 (21:46:01) | ERROR: Couldn't determine terminal size of "/dev/tty"!
2024/05/29 (21:46:02) | ERROR: Couldn't determine terminal size of "STDOUT_FILENO"!
2024/05/29 (21:46:02) | ERROR: Couldn't determine terminal size of "/dev/tty"!
2024/05/29 (21:46:03) | ERROR: Couldn't determine terminal size of "STDOUT_FILENO"!
2024/05/29 (21:46:03) | ERROR: Couldn't determine terminal size of "/dev/tty"!
2024/05/29 (21:46:04) | ERROR: Couldn't determine terminal size of "STDOUT_FILENO"!
2024/05/29 (21:46:04) | ERROR: Couldn't determine terminal size of "/dev/tty"!
2024/05/29 (21:46:05) | ERROR: Couldn't determine terminal size of "STDOUT_FILENO"!
2024/05/29 (21:46:05) | ERROR: Couldn't determine terminal size of "/dev/tty"!
2024/05/29 (21:46:06) | ERROR: Couldn't determine terminal size of "STDOUT_FILENO"!
2024/05/29 (21:46:06) | ERROR: Couldn't determine terminal size of "/dev/tty"!
2024/05/29 (21:46:07) | ERROR: Couldn't determine terminal size of "STDOUT_FILENO"!
2024/05/29 (21:46:07) | ERROR: Couldn't determine terminal size of "/dev/tty"!
2024/05/29 (21:46:08) | ERROR: Couldn't determine terminal size of "STDOUT_FILENO"!
2024/05/29 (21:46:08) | ERROR: Couldn't determine terminal size of "/dev/tty"!
2024/05/29 (21:46:09) | ERROR: Couldn't determine terminal size of "STDOUT_FILENO"!
2024/05/29 (21:46:09) | ERROR: Couldn't determine terminal size of "/dev/tty"!
2024/05/29 (21:46:10) | ERROR: Couldn't determine terminal size of "STDOUT_FILENO"!
2024/05/29 (21:46:10) | ERROR: Couldn't determine terminal size of "/dev/tty"!
2024/05/29 (21:46:11) | ERROR: Couldn't determine terminal size of "STDOUT_FILENO"!
2024/05/29 (21:46:11) | ERROR: Couldn't determine terminal size of "/dev/tty"!
2024/05/29 (21:46:12) | ERROR: Couldn't determine terminal size of "STDOUT_FILENO"!
2024/05/29 (21:46:12) | ERROR: Couldn't determine terminal size of "/dev/tty"!
2024/05/29 (21:46:13) | ERROR: Couldn't determine terminal size of "STDOUT_FILENO"!
2024/05/29 (21:46:13) | ERROR: Couldn't determine terminal size of "/dev/tty"!
2024/05/29 (21:46:14) | ERROR: Couldn't determine terminal size of "STDOUT_FILENO"!
2024/05/29 (21:46:14) | ERROR: Couldn't determine terminal size of "/dev/tty"!
2024/05/29 (21:46:15) | ERROR: Couldn't determine terminal size of "STDOUT_FILENO"!
2024/05/29 (21:46:15) | ERROR: Couldn't determine terminal size of "/dev/tty"!
2024/05/29 (21:46:16) | ERROR: Couldn't determine terminal size of "STDOUT_FILENO"!
2024/05/29 (21:46:16) | ERROR: Couldn't determine terminal size of "/dev/tty"!
2024/05/29 (21:46:17) | ERROR: Couldn't determine terminal size of "STDOUT_FILENO"!
2024/05/29 (21:46:17) | ERROR: Couldn't determine terminal size of "/dev/tty"!
2024/05/29 (21:46:18) | ERROR: Couldn't determine terminal size of "STDOUT_FILENO"!
2024/05/29 (21:46:18) | ERROR: Couldn't determine terminal size of "/dev/tty"!
2024/05/29 (21:46:19) | ERROR: Couldn't determine terminal size of "STDOUT_FILENO"!
2024/05/29 (21:46:19) | ERROR: Couldn't determine terminal size of "/dev/tty"!
2024/05/29 (21:46:20) | ERROR: Couldn't determine terminal size of "STDOUT_FILENO"!
2024/05/29 (21:46:20) | ERROR: Couldn't determine terminal size of "/dev/tty"!
2024/05/29 (21:46:21) | ERROR: Couldn't determine terminal size of "STDOUT_FILENO"!
2024/05/29 (21:46:21) | ERROR: Couldn't determine terminal size of "/dev/tty"!
2024/05/29 (21:46:22) | ERROR: Couldn't determine terminal size of "STDOUT_FILENO"!
2024/05/29 (21:46:22) | ERROR: Couldn't determine terminal size of "/dev/tty"!
2024/05/29 (21:46:23) | ERROR: Couldn't determine terminal size of "STDOUT_FILENO"!
2024/05/29 (21:46:23) | ERROR: Couldn't determine terminal size of "/dev/tty"!
2024/05/29 (21:46:24) | ERROR: Couldn't determine terminal size of "STDOUT_FILENO"!
2024/05/29 (21:46:24) | ERROR: Couldn't determine terminal size of "/dev/tty"!
2024/05/29 (21:46:25) | ERROR: Couldn't determine terminal size of "STDOUT_FILENO"!
2024/05/29 (21:46:25) | ERROR: Couldn't determine terminal size of "/dev/tty"!
2024/05/29 (21:46:26) | ERROR: Couldn't determine terminal size of "STDOUT_FILENO"!
2024/05/29 (21:46:26) | ERROR: Couldn't determine terminal size of "/dev/tty"!
2024/05/29 (21:46:27) | ERROR: Couldn't determine terminal size of "STDOUT_FILENO"!
2024/05/29 (21:46:27) | ERROR: Couldn't determine terminal size of "/dev/tty"!
2024/05/29 (21:46:28) | ERROR: Couldn't determine terminal size of "STDOUT_FILENO"!
2024/05/29 (21:46:28) | ERROR: Couldn't determine terminal size of "/dev/tty"!
2024/05/29 (21:46:29) | ERROR: Couldn't determine terminal size of "STDOUT_FILENO"!
2024/05/29 (21:46:29) | ERROR: Couldn't determine terminal size of "/dev/tty"!
2024/05/29 (21:46:30) | ERROR: Couldn't determine terminal size of "STDOUT_FILENO"!
2024/05/29 (21:46:30) | ERROR: Couldn't determine terminal size of "/dev/tty"!
2024/05/29 (21:46:31) | ERROR: Couldn't determine terminal size of "STDOUT_FILENO"!
2024/05/29 (21:46:31) | ERROR: Couldn't determine terminal size of "/dev/tty"!
2024/05/29 (21:46:32) | ERROR: Couldn't determine terminal size of "STDOUT_FILENO"!
2024/05/29 (21:46:32) | ERROR: Couldn't determine terminal size of "/dev/tty"!
2024/05/29 (21:46:33) | ERROR: Couldn't determine terminal size of "STDOUT_FILENO"!
2024/05/29 (21:46:33) | ERROR: Couldn't determine terminal size of "/dev/tty"!
2024/05/29 (21:46:34) | ERROR: Couldn't determine terminal size of "STDOUT_FILENO"!
2024/05/29 (21:46:34) | ERROR: Couldn't determine terminal size of "/dev/tty"!
2024/05/29 (21:46:35) | ERROR: Couldn't determine terminal size of "STDOUT_FILENO"!
2024/05/29 (21:46:35) | ERROR: Couldn't determine terminal size of "/dev/tty"!
2024/05/29 (21:46:36) | ERROR: Couldn't determine terminal size of "STDOUT_FILENO"!
2024/05/29 (21:46:36) | ERROR: Couldn't determine terminal size of "/dev/tty"!
2024/05/29 (21:46:37) | ERROR: Couldn't determine terminal size of "STDOUT_FILENO"!
2024/05/29 (21:46:37) | ERROR: Couldn't determine terminal size of "/dev/tty"!
2024/05/29 (21:46:38) | ERROR: Couldn't determine terminal size of "STDOUT_FILENO"!
2024/05/29 (21:46:38) | ERROR: Couldn't determine terminal size of "/dev/tty"!
2024/05/29 (21:46:39) | ERROR: Couldn't determine terminal size of "STDOUT_FILENO"!
2024/05/29 (21:46:39) | ERROR: Couldn't determine terminal size of "/dev/tty"!
2024/05/29 (21:46:40) | ERROR: Couldn't determine terminal size of "STDOUT_FILENO"!
2024/05/29 (21:46:40) | ERROR: Couldn't determine terminal size of "/dev/tty"!
2024/05/29 (21:46:41) | ERROR: Couldn't determine terminal size of "STDOUT_FILENO"!
2024/05/29 (21:46:41) | ERROR: Couldn't determine terminal size of "/dev/tty"!
2024/05/29 (21:46:42) | ERROR: Couldn't determine terminal size of "STDOUT_FILENO"!
2024/05/29 (21:46:42) | ERROR: Couldn't determine terminal size of "/dev/tty"!
2024/05/29 (21:46:43) | ERROR: Couldn't determine terminal size of "STDOUT_FILENO"!
2024/05/29 (21:46:43) | ERROR: Couldn't determine terminal size of "/dev/tty"!
2024/05/29 (21:46:44) | ERROR: Couldn't determine terminal size of "STDOUT_FILENO"!
2024/05/29 (21:46:44) | ERROR: Couldn't determine terminal size of "/dev/tty"!
2024/05/29 (21:46:45) | ERROR: Couldn't determine terminal size of "STDOUT_FILENO"!
2024/05/29 (21:46:45) | ERROR: Couldn't determine terminal size of "/dev/tty"!
2024/05/29 (21:46:46) | ERROR: Couldn't determine terminal size of "STDOUT_FILENO"!
2024/05/29 (21:46:46) | ERROR: Couldn't determine terminal size of "/dev/tty"!
2024/05/29 (21:46:47) | ERROR: Couldn't determine terminal size of "STDOUT_FILENO"!
2024/05/29 (21:46:47) | ERROR: Couldn't determine terminal size of "/dev/tty"!
2024/05/29 (21:46:48) | ERROR: Couldn't determine terminal size of "STDOUT_FILENO"!
2024/05/29 (21:46:48) | ERROR: Couldn't determine terminal size of "/dev/tty"!
2024/05/29 (21:46:49) | ERROR: Couldn't determine terminal size of "STDOUT_FILENO"!
2024/05/29 (21:46:49) | ERROR: Couldn't determine terminal size of "/dev/tty"!
2024/05/29 (21:46:50) | ERROR: Couldn't determine terminal size of "STDOUT_FILENO"!
2024/05/29 (21:46:50) | ERROR: Couldn't determine terminal size of "/dev/tty"!
2024/05/29 (21:46:51) | ERROR: Couldn't determine terminal size of "STDOUT_FILENO"!
2024/05/29 (21:46:51) | ERROR: Couldn't determine terminal size of "/dev/tty"!
2024/05/29 (21:46:52) | ERROR: Couldn't determine terminal size of "STDOUT_FILENO"!
2024/05/29 (21:46:52) | ERROR: Couldn't determine terminal size of "/dev/tty"!
2024/05/29 (21:46:53) | ERROR: Couldn't determine terminal size of "STDOUT_FILENO"!
2024/05/29 (21:46:53) | ERROR: Couldn't determine terminal size of "/dev/tty"!
2024/05/29 (21:46:54) | ERROR: Couldn't determine terminal size of "STDOUT_FILENO"!
2024/05/29 (21:46:54) | ERROR: Couldn't determine terminal size of "/dev/tty"!
2024/05/29 (21:46:55) | ERROR: Couldn't determine terminal size of "STDOUT_FILENO"!
2024/05/29 (21:46:55) | ERROR: Couldn't determine terminal size of "/dev/tty"!
2024/05/29 (21:46:56) | ERROR: Couldn't determine terminal size of "STDOUT_FILENO"!
2024/05/29 (21:46:56) | ERROR: Couldn't determine terminal size of "/dev/tty"!
2024/05/29 (21:46:57) | ERROR: Couldn't determine terminal size of "STDOUT_FILENO"!
2024/05/29 (21:46:57) | ERROR: Couldn't determine terminal size of "/dev/tty"!
2024/05/29 (21:46:58) | ERROR: Couldn't determine terminal size of "STDOUT_FILENO"!
2024/05/29 (21:46:58) | ERROR: Couldn't determine terminal size of "/dev/tty"!
2024/05/29 (21:46:59) | ERROR: Couldn't determine terminal size of "STDOUT_FILENO"!
2024/05/29 (21:46:59) | ERROR: Couldn't determine terminal size of "/dev/tty"!
2024/05/29 (21:47:00) | ERROR: Couldn't determine terminal size of "STDOUT_FILENO"!
2024/05/29 (21:47:00) | ERROR: Couldn't determine terminal size of "/dev/tty"!
2024/05/29 (21:47:01) | ERROR: Couldn't determine terminal size of "STDOUT_FILENO"!
2024/05/29 (21:47:01) | ERROR: Couldn't determine terminal size of "/dev/tty"!
2024/05/29 (21:47:02) | ERROR: Couldn't determine terminal size of "STDOUT_FILENO"!
2024/05/29 (21:47:02) | ERROR: Couldn't determine terminal size of "/dev/tty"!
2024/05/29 (21:47:03) | ERROR: Couldn't determine terminal size of "STDOUT_FILENO"!
2024/05/29 (21:47:03) | ERROR: Couldn't determine terminal size of "/dev/tty"!
2024/05/29 (21:47:04) | ERROR: Couldn't determine terminal size of "STDOUT_FILENO"!
2024/05/29 (21:47:04) | ERROR: Couldn't determine terminal size of "/dev/tty"!
2024/05/29 (21:47:05) | ERROR: Couldn't determine terminal size of "STDOUT_FILENO"!
2024/05/29 (21:47:05) | ERROR: Couldn't determine terminal size of "/dev/tty"!
2024/05/29 (21:47:06) | ERROR: Couldn't determine terminal size of "STDOUT_FILENO"!
2024/05/29 (21:47:06) | ERROR: Couldn't determine terminal size of "/dev/tty"!
2024/05/29 (21:47:07) | ERROR: Couldn't determine terminal size of "STDOUT_FILENO"!
2024/05/29 (21:47:07) | ERROR: Couldn't determine terminal size of "/dev/tty"!
2024/05/29 (21:47:08) | ERROR: Couldn't determine terminal size of "STDOUT_FILENO"!
2024/05/29 (21:47:08) | ERROR: Couldn't determine terminal size of "/dev/tty"!
2024/05/29 (21:47:09) | ERROR: Couldn't determine terminal size of "STDOUT_FILENO"!
2024/05/29 (21:47:09) | ERROR: Couldn't determine terminal size of "/dev/tty"!
2024/05/29 (21:47:10) | ERROR: Couldn't determine terminal size of "STDOUT_FILENO"!
2024/05/29 (21:47:10) | ERROR: Couldn't determine terminal size of "/dev/tty"!
2024/05/29 (21:47:11) | ERROR: Couldn't determine terminal size of "STDOUT_FILENO"!
2024/05/29 (21:47:11) | ERROR: Couldn't determine terminal size of "/dev/tty"!
2024/05/29 (21:47:12) | ERROR: Couldn't determine terminal size of "STDOUT_FILENO"!
2024/05/29 (21:47:12) | ERROR: Couldn't determine terminal size of "/dev/tty"!
2024/05/29 (21:47:13) | ERROR: Couldn't determine terminal size of "STDOUT_FILENO"!
2024/05/29 (21:47:13) | ERROR: Couldn't determine terminal size of "/dev/tty"!
2024/05/29 (21:47:14) | ERROR: Couldn't determine terminal size of "STDOUT_FILENO"!
2024/05/29 (21:47:14) | ERROR: Couldn't determine terminal size of "/dev/tty"!
2024/05/29 (21:47:15) | ERROR: Couldn't determine terminal size of "STDOUT_FILENO"!
2024/05/29 (21:47:15) | ERROR: Couldn't determine terminal size of "/dev/tty"!
2024/05/29 (21:47:16) | ERROR: Couldn't determine terminal size of "STDOUT_FILENO"!
2024/05/29 (21:47:16) | ERROR: Couldn't determine terminal size of "/dev/tty"!
2024/05/29 (21:47:17) | ERROR: Couldn't determine terminal size of "STDOUT_FILENO"!
2024/05/29 (21:47:17) | ERROR: Couldn't determine terminal size of "/dev/tty"!
2024/05/29 (21:47:18) | ERROR: Couldn't determine terminal size of "STDOUT_FILENO"!
2024/05/29 (21:47:18) | ERROR: Couldn't determine terminal size of "/dev/tty"!
2024/05/29 (21:47:19) | ERROR: Couldn't determine terminal size of "STDOUT_FILENO"!
2024/05/29 (21:47:19) | ERROR: Couldn't determine terminal size of "/dev/tty"!
2024/05/29 (21:47:20) | ERROR: Couldn't determine terminal size of "STDOUT_FILENO"!
2024/05/29 (21:47:20) | ERROR: Couldn't determine terminal size of "/dev/tty"!
2024/05/29 (21:47:21) | ERROR: Couldn't determine terminal size of "STDOUT_FILENO"!
2024/05/29 (21:47:21) | ERROR: Couldn't determine terminal size of "/dev/tty"!
2024/05/29 (21:47:22) | ERROR: Couldn't determine terminal size of "STDOUT_FILENO"!
2024/05/29 (21:47:22) | ERROR: Couldn't determine terminal size of "/dev/tty"!
2024/05/29 (21:47:23) | ERROR: Couldn't determine terminal size of "STDOUT_FILENO"!
2024/05/29 (21:47:23) | ERROR: Couldn't determine terminal size of "/dev/tty"!
2024/05/29 (21:47:24) | ERROR: Couldn't determine terminal size of "STDOUT_FILENO"!
2024/05/29 (21:47:24) | ERROR: Couldn't determine terminal size of "/dev/tty"!
2024/05/29 (21:47:25) | ERROR: Couldn't determine terminal size of "STDOUT_FILENO"!
2024/05/29 (21:47:25) | ERROR: Couldn't determine terminal size of "/dev/tty"!
2024/05/29 (21:47:26) | ERROR: Couldn't determine terminal size of "STDOUT_FILENO"!
2024/05/29 (21:47:26) | ERROR: Couldn't determine terminal size of "/dev/tty"!
2024/05/29 (21:47:27) | ERROR: Couldn't determine terminal size of "STDOUT_FILENO"!
2024/05/29 (21:47:27) | ERROR: Couldn't determine terminal size of "/dev/tty"!
2024/05/29 (21:47:28) | ERROR: Couldn't determine terminal size of "STDOUT_FILENO"!
2024/05/29 (21:47:28) | ERROR: Couldn't determine terminal size of "/dev/tty"!
2024/05/29 (21:47:29) | ERROR: Couldn't determine terminal size of "STDOUT_FILENO"!
2024/05/29 (21:47:29) | ERROR: Couldn't determine terminal size of "/dev/tty"!
2024/05/29 (21:47:30) | ERROR: Couldn't determine terminal size of "STDOUT_FILENO"!
2024/05/29 (21:47:30) | ERROR: Couldn't determine terminal size of "/dev/tty"!
2024/05/29 (21:47:32) | ERROR: Couldn't determine terminal size of "STDOUT_FILENO"!
2024/05/29 (21:47:32) | ERROR: Couldn't determine terminal size of "/dev/tty"!
2024/05/29 (21:47:33) | ERROR: Couldn't determine terminal size of "STDOUT_FILENO"!
2024/05/29 (21:47:33) | ERROR: Couldn't determine terminal size of "/dev/tty"!
2024/05/29 (21:47:34) | ERROR: Couldn't determine terminal size of "STDOUT_FILENO"!
2024/05/29 (21:47:34) | ERROR: Couldn't determine terminal size of "/dev/tty"!
2024/05/29 (21:47:35) | ERROR: Couldn't determine terminal size of "STDOUT_FILENO"!
2024/05/29 (21:47:35) | ERROR: Couldn't determine terminal size of "/dev/tty"!
2024/05/29 (21:47:36) | ERROR: Couldn't determine terminal size of "STDOUT_FILENO"!
2024/05/29 (21:47:36) | ERROR: Couldn't determine terminal size of "/dev/tty"!
2024/05/29 (21:47:37) | ERROR: Couldn't determine terminal size of "STDOUT_FILENO"!
2024/05/29 (21:47:37) | ERROR: Couldn't determine terminal size of "/dev/tty"!
2024/05/29 (21:47:38) | ERROR: Couldn't determine terminal size of "STDOUT_FILENO"!
2024/05/29 (21:47:38) | ERROR: Couldn't determine terminal size of "/dev/tty"!
2024/05/29 (21:47:39) | ERROR: Couldn't determine terminal size of "STDOUT_FILENO"!
2024/05/29 (21:47:39) | ERROR: Couldn't determine terminal size of "/dev/tty"!
2024/05/29 (21:47:40) | ERROR: Couldn't determine terminal size of "STDOUT_FILENO"!
2024/05/29 (21:47:40) | ERROR: Couldn't determine terminal size of "/dev/tty"!
2024/05/29 (21:47:41) | ERROR: Couldn't determine terminal size of "STDOUT_FILENO"!
2024/05/29 (21:47:41) | ERROR: Couldn't determine terminal size of "/dev/tty"!
2024/05/29 (21:47:42) | ERROR: Couldn't determine terminal size of "STDOUT_FILENO"!
2024/05/29 (21:47:42) | ERROR: Couldn't determine terminal size of "/dev/tty"!
2024/05/29 (21:47:43) | ERROR: Couldn't determine terminal size of "STDOUT_FILENO"!
2024/05/29 (21:47:43) | ERROR: Couldn't determine terminal size of "/dev/tty"!
2024/05/29 (21:47:44) | ERROR: Couldn't determine terminal size of "STDOUT_FILENO"!
2024/05/29 (21:47:44) | ERROR: Couldn't determine terminal size of "/dev/tty"!
2024/05/29 (21:47:45) | ERROR: Couldn't determine terminal size of "STDOUT_FILENO"!
2024/05/29 (21:47:45) | ERROR: Couldn't determine terminal size of "/dev/tty"!
2024/05/29 (21:47:46) | ERROR: Couldn't determine terminal size of "STDOUT_FILENO"!
2024/05/29 (21:47:46) | ERROR: Couldn't determine terminal size of "/dev/tty"!
2024/05/29 (21:47:47) | ERROR: Couldn't determine terminal size of "STDOUT_FILENO"!
2024/05/29 (21:47:47) | ERROR: Couldn't determine terminal size of "/dev/tty"!
2024/05/29 (21:47:48) | ERROR: Couldn't determine terminal size of "STDOUT_FILENO"!
2024/05/29 (21:47:48) | ERROR: Couldn't determine terminal size of "/dev/tty"!
2024/05/29 (21:47:49) | ERROR: Couldn't determine terminal size of "STDOUT_FILENO"!
2024/05/29 (21:47:49) | ERROR: Couldn't determine terminal size of "/dev/tty"!
2024/05/29 (21:47:50) | ERROR: Couldn't determine terminal size of "STDOUT_FILENO"!
2024/05/29 (21:47:50) | ERROR: Couldn't determine terminal size of "/dev/tty"!
2024/05/29 (21:47:51) | ERROR: Couldn't determine terminal size of "STDOUT_FILENO"!
2024/05/29 (21:47:51) | ERROR: Couldn't determine terminal size of "/dev/tty"!
2024/05/29 (21:47:52) | ERROR: Couldn't determine terminal size of "STDOUT_FILENO"!
2024/05/29 (21:47:52) | ERROR: Couldn't determine terminal size of "/dev/tty"!
2024/05/29 (21:47:53) | ERROR: Couldn't determine terminal size of "STDOUT_FILENO"!
2024/05/29 (21:47:53) | ERROR: Couldn't determine terminal size of "/dev/tty"!
2024/05/29 (21:47:54) | ERROR: Couldn't determine terminal size of "STDOUT_FILENO"!
2024/05/29 (21:47:54) | ERROR: Couldn't determine terminal size of "/dev/tty"!
2024/05/29 (21:47:55) | ERROR: Couldn't determine terminal size of "STDOUT_FILENO"!
2024/05/29 (21:47:55) | ERROR: Couldn't determine terminal size of "/dev/tty"!
2024/05/29 (21:47:56) | ERROR: Couldn't determine terminal size of "STDOUT_FILENO"!
2024/05/29 (21:47:56) | ERROR: Couldn't determine terminal size of "/dev/tty"!
2024/05/29 (21:47:57) | ERROR: Couldn't determine terminal size of "STDOUT_FILENO"!
2024/05/29 (21:47:57) | ERROR: Couldn't determine terminal size of "/dev/tty"!
2024/05/29 (21:47:58) | ERROR: Couldn't determine terminal size of "STDOUT_FILENO"!
2024/05/29 (21:47:58) | ERROR: Couldn't determine terminal size of "/dev/tty"!
2024/05/29 (21:47:59) | ERROR: Couldn't determine terminal size of "STDOUT_FILENO"!
2024/05/29 (21:47:59) | ERROR: Couldn't determine terminal size of "/dev/tty"!
2024/05/29 (21:48:00) | ERROR: Couldn't determine terminal size of "STDOUT_FILENO"!
2024/05/29 (21:48:00) | ERROR: Couldn't determine terminal size of "/dev/tty"!
2024/05/29 (21:48:01) | ERROR: Couldn't determine terminal size of "STDOUT_FILENO"!
2024/05/29 (21:48:01) | ERROR: Couldn't determine terminal size of "/dev/tty"!
2024/05/29 (21:48:02) | ERROR: Couldn't determine terminal size of "STDOUT_FILENO"!
2024/05/29 (21:48:02) | ERROR: Couldn't determine terminal size of "/dev/tty"!
2024/05/29 (21:48:03) | ERROR: Couldn't determine terminal size of "STDOUT_FILENO"!
2024/05/29 (21:48:03) | ERROR: Couldn't determine terminal size of "/dev/tty"!
2024/05/29 (21:48:04) | ERROR: Couldn't determine terminal size of "STDOUT_FILENO"!
2024/05/29 (21:48:04) | ERROR: Couldn't determine terminal size of "/dev/tty"!
2024/05/29 (21:48:05) | ERROR: Couldn't determine terminal size of "STDOUT_FILENO"!
2024/05/29 (21:48:05) | ERROR: Couldn't determine terminal size of "/dev/tty"!
2024/05/29 (21:48:06) | ERROR: Couldn't determine terminal size of "STDOUT_FILENO"!
2024/05/29 (21:48:06) | ERROR: Couldn't determine terminal size of "/dev/tty"!

2024/05/31 (20:09:00) | ===> btop++ v.1.3.2
2024/05/31 (20:09:00) | INFO: Logger set to DEBUG
2024/05/31 (20:09:00) | DEBUG: Using locale C.UTF-8
2024/05/31 (20:09:00) | INFO: Running on /dev/pts/0
2024/05/31 (20:09:00) | INFO: Failed to load libnvidia-ml.so, NVIDIA GPUs will not be detected: libnvidia-ml.so.1: cannot open shared object file: No such file or directory
2024/05/31 (20:09:00) | INFO: Failed to load librocm_smi64.so, AMD GPUs will not be detected: librocm_smi64.so.6: cannot open shared object file: No such file or directory
2024/05/31 (20:09:00) | DEBUG: Shared::init() : Initialized.
2024/05/31 (20:09:00) | DEBUG: Loading theme file: /home/michaelkik/.config/btop/themes/catppuccin_mocha.theme
2024/05/31 (20:09:04) | INFO: Quitting! Runtime: 00:00:04

2024/06/01 (20:53:22) | ===> btop++ v.1.3.2
2024/06/01 (20:53:22) | INFO: Logger set to DEBUG
2024/06/01 (20:53:22) | DEBUG: Using locale C.UTF-8
2024/06/01 (20:53:22) | INFO: Running on /dev/pts/1
2024/06/01 (20:53:22) | INFO: Failed to load libnvidia-ml.so, NVIDIA GPUs will not be detected: libnvidia-ml.so.1: cannot open shared object file: No such file or directory
2024/06/01 (20:53:22) | INFO: Failed to load librocm_smi64.so, AMD GPUs will not be detected: librocm_smi64.so.6: cannot open shared object file: No such file or directory
2024/06/01 (20:53:22) | DEBUG: Shared::init() : Initialized.
2024/06/01 (20:53:22) | DEBUG: Loading theme file: /home/michaelkik/.config/btop/themes/catppuccin_mocha.theme
2024/06/01 (20:53:26) | DEBUG: Writing new config file
2024/06/01 (20:53:26) | INFO: Quitting! Runtime: 00:00:04
